../../Data/E_end_end_distance_ut/eruns_pace1e2:
100 out of 100 underbiased simulations transitioned.
iMetaD MLE: logk = -7.525417956323832 +/- 0.2776140563422197, KS: 0.639621, p = 2.620631200429725e-40
iMetaD CDF: logk = -6.103019713788004 +/- 0.09912741128403141, KS: 0.24137779999999998, p = 1.297917016633109e-05
iMetaD CDF Passes: k0: 7.888243099608107e-07 to 7.888243099608107e-07
KTR Vmb MLE: logk = -4.60138611996736 +/- 0.11775293954501184, gamma: 0.3076518760255346 +/- 0.030652913395049417, KS: 0.10593156317834103, p = 0.1972164508384375
KTR Vmb CDF: logk = -4.665945597256801 +/- 0.19406794654823456, gamma: 0.3445159879499692 +/- 0.07083574120360496, KS: 0.11152568469331343, p = 0.15400342572457987
KTR Vmb CDF Passes: gamma: 0.28451598794994715 to 0.44451598793997965, k0: 1.0946391104478996e-05 to 3.234260278286627e-05
EATR MLE: logk = -4.266417786236104 +/- 0.11093173540145705, gamma: 0.31426136088896156 +/- 0.04193616144654547, KS: 0.16657064296253005, p = 0.0068049675153813455
EATR CDF: logk = -4.550335117262638 +/- 0.21119268559107315, gamma: 0.4296715194862556 +/- 0.0866261477786194, KS: 0.13018602957861009, p = 0.061483275754896226
EATR CDF KS Passes: gamma: 0.4296715194862556 to 0.5096715194762598, k0: 1.7210602327141742e-05 to 2.8162090043432785e-05
Set eruns_pace1e2 complete!
../../Data/E_end_end_distance_ut/eruns_pace1e3:
100 out of 100 underbiased simulations transitioned.
iMetaD MLE: logk = -7.6684206351424775 +/- 0.14849578955058648, KS: 0.46246160000000003, p = 4.234640863331049e-20
iMetaD CDF: logk = -6.7957305837437865 +/- 0.20925583729898778, KS: 0.2541538, p = 3.5071760805184046e-06
iMetaD CDF Passes: k0: 1.6005506284543393e-07 to 1.6005506284543393e-07
KTR Vmb MLE: logk = -5.404922652164851 +/- 0.11862738933543389, gamma: 0.28639426304724586 +/- 0.03427573116712261, KS: 0.05732963763338339, p = 0.8786280708557752
KTR Vmb CDF: logk = -5.331802979190049 +/- 0.14970255827218967, gamma: 0.26816308388400345 +/- 0.04396472296919374, KS: 0.04436239488723304, p = 0.9844080626439833
KTR Vmb CDF Passes: gamma: 0.0681630838840035 to 0.48816308387418766, k0: 1.0516046080269196e-06 to 1.6707894463573776e-05
EATR MLE: logk = -5.123320292157046 +/- 0.1009231220059009, gamma: 0.3216149793778305 +/- 0.039831596787842725, KS: 0.06466452590256047, p = 0.7725439266854845
EATR CDF: logk = -5.203630542786201 +/- 0.13789398957083218, gamma: 0.36019106617270785 +/- 0.057001751995842904, KS: 0.055130017806579584, p = 0.9049021794835856
EATR CDF KS Passes: gamma: 0.12019106617270546 to 0.5601910661627585, k0: 2.2304611644654258e-06 to 1.6960826098747894e-05
Set eruns_pace1e3 complete!
../../Data/E_end_end_distance_ut/eruns_pace1e4:
100 out of 100 underbiased simulations transitioned.
iMetaD MLE: logk = -7.045074732244304 +/- 0.1652448854405646, KS: 0.39499359999999994, p = 1.4082159498884684e-14
iMetaD CDF: logk = -6.4248124173480825 +/- 0.1052163348807378, KS: 0.172091, p = 0.004645739184381886
iMetaD CDF Passes: k0: 3.7599977292907465e-07 to 3.7599977292907465e-07
KTR Vmb MLE: logk = -5.7023367522512824 +/- 0.11257697136559229, gamma: 0.2608741040503724 +/- 0.05172587585778117, KS: 0.07947113614639839, p = 0.5267099623629075
KTR Vmb CDF: logk = -5.744676722247495 +/- 0.12132565254694332, gamma: 0.2985111891964857 +/- 0.05810806815862494, KS: 0.07664789700312541, p = 0.572878678066493
KTR Vmb CDF Passes: gamma: 0.11851118919648437 to 0.5785111891866531, k0: 5.383250621519032e-07 to 3.7325803520276916e-06
EATR MLE: logk = -5.546747686269743 +/- 0.09929156872413657, gamma: 0.3445044792937316 +/- 0.08156672954460223, KS: 0.10968973309631275, p = 0.16726525937844752
EATR CDF: logk = -5.708038750301753 +/- 0.11778703456209437, gamma: 0.488983210517087 +/- 0.08638165561469986, KS: 0.08115561220072226, p = 0.499867752236276
EATR CDF KS Passes: gamma: 0.22898321051708678 to 0.768983210507101, k0: 8.373912937045177e-07 to 3.7382940876939725e-06
Set eruns_pace1e4 complete!
../../Data/E_end_end_distance_ut/eruns_pace2e4:
100 out of 100 underbiased simulations transitioned.
iMetaD MLE: logk = -6.502977913281462 +/- 0.07094474420153571, KS: 0.24515180000000003, p = 8.883452893272543e-06
iMetaD CDF: logk = -6.251304685049494 +/- 0.07349578271005179, KS: 0.12651, p = 0.07450966346284858
iMetaD CDF Passes: k0: 4.883096590310454e-07 to 5.606545034284026e-07
KTR Vmb MLE: logk = -5.843735142759346 +/- 0.11549236888326486, gamma: 0.3485091112688535 +/- 0.05632771764767066, KS: 0.07180414493289178, p = 0.6542186884852295
KTR Vmb CDF: logk = -5.9033210987501 +/- 0.14381502590139972, gamma: 0.3974790809305155 +/- 0.0876959186454036, KS: 0.069677119449575, p = 0.6901031821014114
KTR Vmb CDF Passes: gamma: 0.13747908093051436 to 0.8174790809221334, k0: 2.793527899377914e-07 to 2.954964851372229e-06
EATR MLE: logk = -5.695801699478685 +/- 0.12059202514379842, gamma: 0.477419065208353 +/- 0.1032216742900591, KS: 0.10683186460484162, p = 0.18968769457390802
EATR CDF: logk = -5.8744795723670675 +/- 0.1312065493601834, gamma: 0.6479955806452579 +/- 0.11936402122733367, KS: 0.06989553369870394, p = 0.6864291761741961
EATR CDF KS Passes: gamma: 0.2679955806452572 to 1.0079955806353607, k0: 5.27180662336122e-07 to 2.946121645142034e-06
Set eruns_pace2e4 complete!
../../Data/E_end_end_distance_ut/eruns_pace5e4:
100 out of 100 underbiased simulations transitioned.
iMetaD MLE: logk = -6.423840804749645 +/- 0.08071407650121667, KS: 0.24958639999999999, p = 5.644976422006673e-06
iMetaD CDF: logk = -6.139032852316622 +/- 0.08868039596116281, KS: 0.15343399999999996, p = 0.01604231977776621
iMetaD CDF Passes: k0: 7.260510330426035e-07 to 7.260510330426035e-07
KTR Vmb MLE: logk = -5.684833074409328 +/- 0.10098960459624297, gamma: 0.1803691803319924 +/- 0.06273870772109338, KS: 0.06718736658890595, p = 0.7316153180406146
KTR Vmb CDF: logk = -5.643532098042932 +/- 0.12020281142037728, gamma: 0.14126756894300438 +/- 0.08636619049455949, KS: 0.059061235243229315, p = 0.8558905829686575
KTR Vmb CDF Passes: gamma: -0.018732431056996072 to 0.5812675689330824, k0: 7.681535896777792e-07 to 3.288083053836999e-06
EATR MLE: logk = -5.612137104766571 +/- 0.09650125088708139, gamma: 0.25183105172463616 +/- 0.12201838848876134, KS: 0.05216408665507283, p = 0.9351589566679982
EATR CDF: logk = -5.644532600632563 +/- 0.09954311310608364, gamma: 0.27773289859966416 +/- 0.12181706799329586, KS: 0.060127473889957816, p = 0.8410845480170062
EATR CDF KS Passes: gamma: -0.002267101400335885 to 0.8777328985897231, k0: 9.091158630743772e-07 to 3.1599137753385994e-06
Set eruns_pace5e4 complete!
../../Data/E_end_end_distance_ut/eruns_pace1e5:
100 out of 100 underbiased simulations transitioned.
iMetaD MLE: logk = -6.209474657681738 +/- 0.05509657678106035, KS: 0.143165, p = 0.02984581133851228
iMetaD CDF: logk = -6.084898800966073 +/- 0.07234642432743894, KS: 0.11790920000000005, p = 0.11431202476124676
iMetaD CDF Passes: k0: 6.532827624616763e-07 to 8.611944037978492e-07
KTR Vmb MLE: logk = -5.879834720694896 +/- 0.10453800647781444, gamma: 0.3216001757607936 +/- 0.09202128551091376, KS: 0.04179349987031311, p = 0.9919443455885822
KTR Vmb CDF: logk = -5.877302099179764 +/- 0.11439182979769283, gamma: 0.31776861636816767 +/- 0.09909156217214787, KS: 0.041440680155453546, p = 0.9927158757651773
KTR Vmb CDF Passes: gamma: -0.002231383631833214 to 0.8177686163582841, k0: 5.032326904226259e-07 to 2.3645360592376813e-06
EATR MLE: logk = -5.72686557404113 +/- 0.09974487016077313, gamma: 0.33821359030359754 +/- 0.1718703999626523, KS: 0.08402279275308355, p = 0.4556643855919007
EATR CDF: logk = -5.8574355199121415 +/- 0.10132481308368188, gamma: 0.5539712701587775 +/- 0.1528165477087042, KS: 0.042248457460399735, p = 0.9908623339629723
EATR CDF KS Passes: gamma: -0.006028729841222781 to 1.0139712701496857, k0: 8.008011035711439e-07 to 2.36695718087848e-06
Set eruns_pace1e5 complete!
../../Data/E_end_end_distance_ut/eruns_pace5e5:
100 out of 100 underbiased simulations transitioned.
iMetaD MLE: logk = -5.981165318580791 +/- 0.05010675124603697, KS: 0.08225139999999997, p = 0.4827397726904211
iMetaD CDF: logk = -5.941575257484546 +/- 0.05365394652980735, KS: 0.0560638, p = 0.894125651417855
iMetaD CDF Passes: k0: 8.678101842452894e-07 to 1.4402064199144596e-06
KTR Vmb MLE: logk = -5.916883475446681 +/- 0.0815973318128178, gamma: 0.4011975097506286 +/- 0.14445715056540306, KS: 0.07169324376757838, p = 0.656093099501333
KTR Vmb CDF: logk = -5.956197043447704 +/- 0.10029580570464772, gamma: 0.5305341633477292 +/- 0.2290753445352116, KS: 0.0615320945837399, p = 0.8207442047779032
KTR Vmb CDF Passes: gamma: -0.009465836652271076 to 1.0105341633381857, k0: 7.66941500389121e-07 to 1.6374016609012023e-06
EATR MLE: logk = -5.842714695811537 +/- 0.06976971118734428, gamma: 0.4850810480675501 +/- 0.2666326536121256, KS: 0.09430953236652331, p = 0.3159763371072832
EATR CDF: logk = -5.931364614137801 +/- 0.07248924060278207, gamma: 0.9329408554652338 +/- 0.23173894980796986, KS: 0.06288329370051651, p = 0.8003844551510626
EATR CDF KS Passes: gamma: -0.007059144538316725 to 1.0129408554556112, k0: 1.1351378492783008e-06 to 1.6304182561396252e-06
Set eruns_pace5e5 complete!
../../Data/E_end_end_distance_ut/eruns_pace1e6:
100 out of 100 underbiased simulations transitioned.
iMetaD MLE: logk = -5.944217047131911 +/- 0.05481642062094089, KS: 0.10772300000000001, p = 0.18245768929902598
iMetaD CDF: logk = -5.8956355598796755 +/- 0.04730027066045588, KS: 0.06679760000000001, p = 0.7380297267974645
iMetaD CDF Passes: k0: 1.107552801922468e-06 to 1.6009008680998226e-06
KTR Vmb MLE: logk = -5.883154752222964 +/- 0.07357527303884598, gamma: 0.31927725579715255 +/- 0.23407446671761403, KS: 0.07506762760644414, p = 0.5992170285614999
KTR Vmb CDF: logk = -5.927802102794991 +/- 0.07666690960513597, gamma: 0.6057609437520943 +/- 0.30150031770309316, KS: 0.06365934863361788, p = 0.7883824304748552
KTR Vmb CDF Passes: gamma: -0.014239056248325164 to 1.005760943742479, k0: 9.967638434490854e-07 to 1.5399220542138096e-06
EATR MLE: logk = -5.822025091687364 +/- 0.05032794843177408, gamma: 0.23692832443238745 +/- 0.25602927706413603, KS: 0.0748967342356952, p = 0.6020811401542472
EATR CDF: logk = -5.896089195596131 +/- 0.05886975223312828, gamma: 0.9999999999999993 +/- 0.3026117983587226, KS: 0.06138648203563757, p = 0.8228938817118219
EATR CDF KS Passes: gamma: -1.3004175570917148e-15 to 1.019999999999527, k0: 1.2652472406044779e-06 to 1.5302521938573685e-06
Set eruns_pace1e6 complete!
