../../Data/E_end_end_distance_wt/eruns_pace1e2:
100 out of 100 underbiased simulations transitioned.
iMetaD MLE: logk = -10.367917441870173 +/- 0.1958124857608366, KS: 0.597568, p = 1.21003336595058e-34
iMetaD CDF: logk = -9.094683066362803 +/- 0.17267804607345508, KS: 0.27169160000000003, p = 5.180326386440987e-07
iMetaD CDF Passes: k0: 8.041127227815863e-10 to 8.041127227815863e-10
KTR Vmb MLE: logk = -5.4108883891629915 +/- 0.24255109891651155, gamma: 0.3103763948668024 +/- 0.03483456463539325, KS: 0.06925634887061416, p = 0.6971699431069434
KTR Vmb CDF: logk = -5.586762709964234 +/- 0.3361133916455564, gamma: 0.34306433603862313 +/- 0.05060790438709204, KS: 0.06458521161910048, p = 0.7738047705335168
KTR Vmb CDF Passes: gamma: 0.20306433603861831 to 0.5430643360316033, k0: 1.1646798693021169e-07 to 2.116562802882222e-05
EATR MLE: logk = -4.867172193056164 +/- 0.2387828829968825, gamma: 0.30310721707918936 +/- 0.03992116049054308, KS: 0.0767961831346766, p = 0.5704228144278263
EATR CDF: logk = -5.341562027152743 +/- 0.36997216862498694, gamma: 0.3863286814781539 +/- 0.059726081263823796, KS: 0.0694800410555394, p = 0.6934150157829997
EATR CDF KS Passes: gamma: 0.2263286814781538 to 0.586328681471162, k0: 2.2411737820313977e-07 to 3.7572456318838366e-05
Set eruns_pace1e2 complete!
../../Data/E_end_end_distance_wt/eruns_pace1e3:
100 out of 100 underbiased simulations transitioned.
iMetaD MLE: logk = -9.557247755767145 +/- 0.19630022893749077, KS: 0.4994036, p = 1.3899291934839208e-23
iMetaD CDF: logk = -8.501987823646605 +/- 0.18335833982993416, KS: 0.30229360000000005, p = 1.3268696251143213e-08
iMetaD CDF Passes: k0: 3.147836569040713e-09 to 3.147836569040713e-09
KTR Vmb MLE: logk = -5.161482870841929 +/- 0.17914997337869693, gamma: 0.25404432605468896 +/- 0.03525999657334269, KS: 0.08165082013066821, p = 0.4920930314080476
KTR Vmb CDF: logk = -5.07559869277792 +/- 0.19591100651480858, gamma: 0.23733557208306333 +/- 0.04085531889184777, KS: 0.07086138241276092, p = 0.6701463016819265
KTR Vmb CDF Passes: gamma: 0.13733557208306332 to 0.3973355720737722, k0: 1.6914736415363396e-06 to 2.160841516059151e-05
EATR MLE: logk = -5.122621801973814 +/- 0.18548398640064123, gamma: 0.2822626373952592 +/- 0.039030056556928365, KS: 0.0714394871392266, p = 0.6603815247030894
EATR CDF: logk = -5.102861879775987 +/- 0.2090616377324364, gamma: 0.2779575007706886 +/- 0.04191372524934217, KS: 0.07087298232113251, p = 0.6699504674717437
EATR CDF KS Passes: gamma: 0.1579575007706886 to 0.43795750076074147, k0: 1.5181002004157242e-06 to 2.2921288007883197e-05
Set eruns_pace1e3 complete!
../../Data/E_end_end_distance_wt/eruns_pace1e4:
100 out of 100 underbiased simulations transitioned.
iMetaD MLE: logk = -8.6489185768347 +/- 0.09427023435208635, KS: 0.4113592, p = 8.025667859233587e-16
iMetaD CDF: logk = -7.993754108708278 +/- 0.12693556324068905, KS: 0.261514, p = 1.5978129739630446e-06
iMetaD CDF Passes: k0: 1.0144856103296081e-08 to 1.0144856103296081e-08
KTR Vmb MLE: logk = -5.824756408272963 +/- 0.17159340588708163, gamma: 0.29181046495096974 +/- 0.03985935207550249, KS: 0.041999888739158886, p = 0.9914659213728401
KTR Vmb CDF: logk = -5.747352328639071 +/- 0.20847255346672625, gamma: 0.269836360923171 +/- 0.05322240601108991, KS: 0.04053087979211023, p = 0.9944512471116891
KTR Vmb CDF Passes: gamma: 0.08983636092317096 to 0.5298363609134081, k0: 2.1190315354275543e-07 to 7.028167876357319e-06
EATR MLE: logk = -5.614063321218706 +/- 0.14627173879775351, gamma: 0.30673298462341786 +/- 0.041048570418309505, KS: 0.045846178153761574, p = 0.9783022736228246
EATR CDF: logk = -5.648331120613944 +/- 0.18952864239342676, gamma: 0.3168306054998084 +/- 0.05737072467386902, KS: 0.04019414189973991, p = 0.9950069717393749
EATR CDF KS Passes: gamma: 0.09683060549968221 to 0.5768306054901288, k0: 3.332422048607933e-07 to 8.242014686331681e-06
Set eruns_pace1e4 complete!
../../Data/E_end_end_distance_wt/eruns_pace2e4:
100 out of 100 underbiased simulations transitioned.
iMetaD MLE: logk = -8.448082728918768 +/- 0.16703951232572314, KS: 0.4878346, p = 1.866044993265874e-22
iMetaD CDF: logk = -7.530083144535262 +/- 0.11450996387471808, KS: 0.2658482000000001, p = 9.945699840083275e-07
iMetaD CDF Passes: k0: 2.9506442795096707e-08 to 2.9506442795096707e-08
KTR Vmb MLE: logk = -5.779600472143811 +/- 0.15294773455064764, gamma: 0.2567897680178227 +/- 0.041945137325431675, KS: 0.05134276153847839, p = 0.9424192810944743
KTR Vmb CDF: logk = -5.794530709086728 +/- 0.1894865074715152, gamma: 0.26287722173640227 +/- 0.05747798171282957, KS: 0.04867460445209382, p = 0.9625663840163866
KTR Vmb CDF Passes: gamma: 0.0628772217364023 to 0.5028772217273598, k0: 2.934280503095911e-07 to 6.034301484870177e-06
EATR MLE: logk = -5.618930900750949 +/- 0.13324829900651794, gamma: 0.28963464901945224 +/- 0.048200764294410774, KS: 0.058107655409883496, p = 0.8686222796922888
EATR CDF: logk = -5.696857088123534 +/- 0.14641612179743493, gamma: 0.32124952531232603 +/- 0.057828231775452356, KS: 0.05845109944518734, p = 0.8640946608665041
EATR CDF KS Passes: gamma: 0.0812495253123252 to 0.5412495253023856, k0: 5.54748611291628e-07 to 6.416738179802442e-06
Set eruns_pace2e4 complete!
../../Data/E_end_end_distance_wt/eruns_pace5e4:
100 out of 100 underbiased simulations transitioned.
iMetaD MLE: logk = -7.5807358052643865 +/- 0.09427992353239327, KS: 0.3671784, p = 1.347294940321042e-12
iMetaD CDF: logk = -7.043391060270682 +/- 0.12810627076227235, KS: 0.2280948, p = 4.694088537257431e-05
iMetaD CDF Passes: k0: 9.049174014636032e-08 to 9.049174014636032e-08
KTR Vmb MLE: logk = -5.725120582608318 +/- 0.1222590809651387, gamma: 0.24825735588530815 +/- 0.041886771525702714, KS: 0.05837213697205923, p = 0.8651414848379626
KTR Vmb CDF: logk = -5.625238460679281 +/- 0.13345858378017517, gamma: 0.20501801280418433 +/- 0.04881446617270221, KS: 0.05020642805421438, p = 0.951643013052515
KTR Vmb CDF Passes: gamma: 0.0050180128041843524 to 0.46501801279531574, k0: 5.820754452723966e-07 to 6.2760739132294854e-06
EATR MLE: logk = -5.593828172200422 +/- 0.11881466806582984, gamma: 0.2927003409542236 +/- 0.059417554132062865, KS: 0.055590989051720496, p = 0.8996538344746734
EATR CDF: logk = -5.623438927416331 +/- 0.12483132410608544, gamma: 0.3040398725788838 +/- 0.06177775223346672, KS: 0.04535891853716051, p = 0.9804615777498905
EATR CDF KS Passes: gamma: 0.0040398725788827194 to 0.624039872569337, k0: 5.91465672047678e-07 to 6.350119182633197e-06
Set eruns_pace5e4 complete!
../../Data/E_end_end_distance_wt/eruns_pace1e5:
100 out of 100 underbiased simulations transitioned.
iMetaD MLE: logk = -7.207031127303816 +/- 0.07991572280272023, KS: 0.3347206, p = 1.715584877302848e-10
iMetaD CDF: logk = -6.754171459599188 +/- 0.1289086778321748, KS: 0.20987680000000009, p = 0.0002420295204913117
iMetaD CDF Passes: k0: 1.7612805550088546e-07 to 1.7612805550088546e-07
KTR Vmb MLE: logk = -5.840060215212194 +/- 0.1261235188895408, gamma: 0.2782046197834564 +/- 0.04856876370952563, KS: 0.0681937857527471, p = 0.7149332047601313
KTR Vmb CDF: logk = -5.7135751817325 +/- 0.09223288352504726, gamma: 0.2190693363538297 +/- 0.0445184747095699, KS: 0.05962544339900512, p = 0.848127887889777
KTR Vmb CDF Passes: gamma: -0.0009306636461738608 to 0.5190693363444142, k0: 5.394645553703819e-07 to 4.543912417272726e-06
EATR MLE: logk = -5.775146144721437 +/- 0.10087463944833111, gamma: 0.36989281820756253 +/- 0.05419235817492229, KS: 0.05413544112139147, p = 0.9157369765555399
EATR CDF: logk = -5.729197574158644 +/- 0.09582573119565636, gamma: 0.3445510649165345 +/- 0.05795550088943173, KS: 0.06034306781689215, p = 0.8380218839472678
EATR CDF KS Passes: gamma: 0.004551064916533622 to 0.6845510649067739, k0: 6.008276568718409e-07 to 4.484502568221087e-06
Set eruns_pace1e5 complete!
../../Data/E_end_end_distance_wt/eruns_pace5e5:
100 out of 100 underbiased simulations transitioned.
iMetaD MLE: logk = -6.455339178104043 +/- 0.10262153592863124, KS: 0.24883039999999995, p = 6.1023225522183715e-06
iMetaD CDF: logk = -6.152763601306552 +/- 0.06506993632103329, KS: 0.11550800000000006, p = 0.1281254551298566
iMetaD CDF Passes: k0: 5.587742685114907e-07 to 7.366079447971997e-07
KTR Vmb MLE: logk = -5.75051372555062 +/- 0.09711283780624362, gamma: 0.2597902726765717 +/- 0.09484167169631355, KS: 0.060579146537042605, p = 0.8346427937117906
KTR Vmb CDF: logk = -5.830415003943987 +/- 0.10774715632097041, gamma: 0.36833842565751046 +/- 0.10464552078365644, KS: 0.04595377034773401, p = 0.9778045062069758
KTR Vmb CDF Passes: gamma: -0.01166157434249009 to 0.788338425647842, k0: 6.332917084172239e-07 to 3.0052497088267774e-06
EATR MLE: logk = -5.699510655024175 +/- 0.09700553201037404, gamma: 0.33257618078784723 +/- 0.13129163780954706, KS: 0.07364727422348533, p = 0.6230916036626313
EATR CDF: logk = -5.839821885424495 +/- 0.11030492885729282, gamma: 0.5463586479446514 +/- 0.13647342655794018, KS: 0.04458392497457603, p = 0.983583832627999
EATR CDF KS Passes: gamma: -0.013641352055349007 to 1.0063586479350548, k0: 6.909023165476435e-07 to 2.9885518262863107e-06
Set eruns_pace5e5 complete!
../../Data/E_end_end_distance_wt/eruns_pace1e6:
100 out of 100 underbiased simulations transitioned.
iMetaD MLE: logk = -6.242640150103823 +/- 0.0601399945062569, KS: 0.17520960000000002, p = 0.003723704780943902
iMetaD CDF: logk = -6.100904096678452 +/- 0.0799798668746996, KS: 0.09916219999999998, p = 0.26137887997021375
iMetaD CDF Passes: k0: 6.903922432611095e-07 to 8.691523391469911e-07
KTR Vmb MLE: logk = -5.85891275833616 +/- 0.08994315341648056, gamma: 0.34874413878369076 +/- 0.0838410843139334, KS: 0.059730245776402624, p = 0.8466679325184537
KTR Vmb CDF: logk = -5.820495881532675 +/- 0.09549158119620438, gamma: 0.2982078701373554 +/- 0.1023006207120778, KS: 0.06312051470410884, p = 0.7967381092801284
KTR Vmb CDF Passes: gamma: -0.0017921298626450415 to 0.9582078701280844, k0: 5.509689459302681e-07 to 2.2976850294799537e-06
EATR MLE: logk = -5.8009965744878205 +/- 0.08709421714623827, gamma: 0.4213101211440632 +/- 0.12753533143207, KS: 0.07385632716792034, p = 0.6195689155805186
EATR CDF: logk = -5.8213872514031095 +/- 0.0988542941071181, gamma: 0.4412998021732753 +/- 0.1561530053673885, KS: 0.06486255447730105, p = 0.7693880922291622
EATR CDF KS Passes: gamma: -0.01870019782672502 to 1.001299802163308, k0: 7.925703710162604e-07 to 2.3285664522663477e-06
Set eruns_pace1e6 complete!
