../../Data/G_radius_of_gyration_ut/gruns_pace1e2:
100 out of 100 underbiased simulations transitioned.
iMetaD MLE: logk = -8.283579798616122 +/- 0.1963530467706643, KS: 0.5138117999999999, p = 4.893603279785488e-25
iMetaD CDF: logk = -7.290416597219373 +/- 0.14215885509052692, KS: 0.22781759999999995, p = 4.8178269884164094e-05
iMetaD CDF Passes: k0: 5.1236965731042806e-08 to 5.1236965731042806e-08
KTR Vmb MLE: logk = -5.06541589946922 +/- 0.6511853482769165, gamma: 0.48077038952154877 +/- 0.15080403759352634, KS: 0.18433455454295272, p = 0.0019043154866647985
KTR Vmb CDF: logk = -7.369004745982824 +/- 0.5235155841239316, gamma: 0.9999989845620684 +/- 0.11745593760544293, KS: 0.11732207090067676, p = 0.11757121366288877
KTR Vmb CDF Passes: gamma: 0.8799989845576693 to 1.0199989845569923, k0: 3.5390900273377445e-08 to 1.491318931953503e-07
EATR MLE: logk = -4.569425646623231 +/- 0.7464516092771999, gamma: 0.44767587106935847 +/- 0.2093772411703201, KS: 0.36582022952994436, p = 1.6670508195925866e-12
EATR CDF: logk = -7.60238968516149 +/- 0.21133596125416107, gamma: 0.9357222438429119 +/- 0.04001344108210208, KS: 0.2439992063558971, p = 9.980575806145829e-06
EATR CDF KS Passes: gamma: 0.9357222438429119 to 0.9357222438429119, k0: 2.498102849934222e-08 to 2.498102849934222e-08
Set gruns_pace1e2 complete!
../../Data/G_radius_of_gyration_ut/gruns_pace1e3:
100 out of 100 underbiased simulations transitioned.
iMetaD MLE: logk = -7.290783476947716 +/- 0.14708641415804383, KS: 0.46657439999999994, p = 1.8018517285212206e-20
iMetaD CDF: logk = -6.496493834212303 +/- 0.1085803352783875, KS: 0.21147340000000003, p = 0.00021081240493869765
iMetaD CDF Passes: k0: 3.187910834944397e-07 to 3.187910834944397e-07
KTR Vmb MLE: logk = -5.490957053103636 +/- 0.2072719617271892, gamma: 0.49363472909960426 +/- 0.0540600988926994, KS: 0.1230731751458859, p = 0.0887291411730147
KTR Vmb CDF: logk = -5.46692019054056 +/- 0.24291588569943673, gamma: 0.4968240673610498 +/- 0.06717277075838315, KS: 0.09476654794006245, p = 0.31052022857904515
KTR Vmb CDF Passes: gamma: 0.3768240673610495 to 0.7168240673520644, k0: 5.265212033496045e-07 to 9.164069155443905e-06
EATR MLE: logk = -5.004885446842864 +/- 0.28149286096755727, gamma: 0.5082328375955598 +/- 0.0869631181502955, KS: 0.19913661940708202, p = 0.0005958168191753678
EATR CDF: logk = -5.638289740460018 +/- 0.34031189313885335, gamma: 0.6578586977642388 +/- 0.09040961529712309, KS: 0.09285665286310726, p = 0.3337565052440373
EATR CDF KS Passes: gamma: 0.5778586977642165 to 0.7378586977557191, k0: 1.0893874016910478e-06 to 4.695010656141287e-06
Set gruns_pace1e3 complete!
../../Data/G_radius_of_gyration_ut/gruns_pace1e4:
100 out of 100 underbiased simulations transitioned.
iMetaD MLE: logk = -6.62014915954736 +/- 0.09626246787929074, KS: 0.26010759999999994, p = 1.8602202164710442e-06
iMetaD CDF: logk = -6.324934734681401 +/- 0.05795257329437303, KS: 0.14480160000000009, p = 0.027112855286670273
iMetaD CDF Passes: k0: 4.732223689787599e-07 to 4.732223689787599e-07
KTR Vmb MLE: logk = -5.893451387846887 +/- 0.18873060295032087, gamma: 0.5940547201367948 +/- 0.06804420045254508, KS: 0.08474372784739526, p = 0.4448754701244215
KTR Vmb CDF: logk = -6.243924785451284 +/- 0.3009064105466222, gamma: 0.7386699695527281 +/- 0.11122713048348794, KS: 0.0765833964351027, p = 0.573947835847663
KTR Vmb CDF Passes: gamma: 0.378669969552709 to 1.0186699695466366, k0: 1.0336128161387852e-07 to 4.501540438079391e-06
EATR MLE: logk = -5.58701466660946 +/- 0.19996358719978605, gamma: 0.6470569570686858 +/- 0.09122706577042378, KS: 0.11040826036577167, p = 0.16197114087781667
EATR CDF: logk = -6.193877211360228 +/- 0.22206850581094853, gamma: 0.9124939814471634 +/- 0.08880135025664353, KS: 0.07924620450580333, p = 0.5303376643646593
EATR CDF KS Passes: gamma: 0.5524939814471618 to 1.0124939814407505, k0: 3.636155036211435e-07 to 4.015804784525897e-06
Set gruns_pace1e4 complete!
../../Data/G_radius_of_gyration_ut/gruns_pace2e4:
100 out of 100 underbiased simulations transitioned.
iMetaD MLE: logk = -6.233002966089908 +/- 0.06734816420465922, KS: 0.17856679999999997, p = 0.00292132131196081
iMetaD CDF: logk = -6.080698904181137 +/- 0.07483492659214437, KS: 0.12741019999999992, p = 0.07112096243656023
iMetaD CDF Passes: k0: 7.573577882494523e-07 to 8.304263014947517e-07
KTR Vmb MLE: logk = -5.749630668786349 +/- 0.15250819606553642, gamma: 0.5863255939182411 +/- 0.05741973276973725, KS: 0.07664474947906769, p = 0.5729308383959096
KTR Vmb CDF: logk = -5.612676545786446 +/- 0.13589259778283208, gamma: 0.5256799611621492 +/- 0.05974178229302233, KS: 0.06021445735058811, p = 0.8398515832248037
KTR Vmb CDF Passes: gamma: 0.30567996116214896 to 0.8856799611524252, k0: 4.416173064989862e-07 to 6.4023559103963575e-06
EATR MLE: logk = -5.705704414764318 +/- 0.1784441420252538, gamma: 0.7640452686643422 +/- 0.09206393014412567, KS: 0.08599963196117655, p = 0.42641596980636554
EATR CDF: logk = -5.640321441264388 +/- 0.1227467381759817, gamma: 0.7193600004148676 +/- 0.05771808612868492, KS: 0.06784509917160841, p = 0.7207307890388646
EATR CDF KS Passes: gamma: 0.4593600004147719 to 1.019360000404917, k0: 6.199779038608597e-07 to 5.9936191844137254e-06
Set gruns_pace2e4 complete!
../../Data/G_radius_of_gyration_ut/gruns_pace5e4:
100 out of 100 underbiased simulations transitioned.
iMetaD MLE: logk = -6.000204129467419 +/- 0.04468920900464626, KS: 0.06751920000000006, p = 0.7261328653521234
iMetaD CDF: logk = -5.977178005507096 +/- 0.053086569092369355, KS: 0.053778799999999904, p = 0.9194556835436993
iMetaD CDF Passes: k0: 8.371860719732913e-07 to 1.3893830441359544e-06
KTR Vmb MLE: logk = -6.063501280664243 +/- 0.16195668424943058, gamma: 0.795338359288728 +/- 0.08129897801346898, KS: 0.039063047753985725, p = 0.9965684480517405
KTR Vmb CDF: logk = -5.970570653564474 +/- 0.16944841253006201, gamma: 0.741945928698392 +/- 0.09089226488208607, KS: 0.036187720924584055, p = 0.9988792123172323
KTR Vmb CDF Passes: gamma: 0.36194592869839165 to 1.0019459286888186, k0: 4.0322311839110445e-07 to 4.028689513831088e-06
EATR MLE: logk = -5.808862836678783 +/- 0.13981457679176362, gamma: 0.8806233491307768 +/- 0.0963476798225617, KS: 0.07452842719668401, p = 0.6082624796852727
EATR CDF: logk = -5.967521173231782 +/- 0.10043978614463905, gamma: 0.9732437514167039 +/- 0.056627844935319596, KS: 0.044585906998421354, p = 0.9835763236805639
EATR CDF KS Passes: gamma: 0.6132437514167001 to 1.013243751408866, k0: 9.465066852292851e-07 to 3.135880695328128e-06
Set gruns_pace5e4 complete!
../../Data/G_radius_of_gyration_ut/gruns_pace1e5:
100 out of 100 underbiased simulations transitioned.
iMetaD MLE: logk = -6.034869136469173 +/- 0.07071273455574387, KS: 0.14545840000000004, p = 0.02607970083312824
iMetaD CDF: logk = -5.935902913723299 +/- 0.059187885812368696, KS: 0.07272240000000002, p = 0.6387005116970876
iMetaD CDF Passes: k0: 9.640445111220378e-07 to 1.393468277145108e-06
KTR Vmb MLE: logk = -5.766184040033433 +/- 0.10844833377946361, gamma: 0.5946717052225432 +/- 0.07705533836972366, KS: 0.057396590092682165, p = 0.8777810244336294
KTR Vmb CDF: logk = -5.781560639667049 +/- 0.1333622023844295, gamma: 0.6182073134188059 +/- 0.08531934153365311, KS: 0.04937081155013168, p = 0.9578159502182596
KTR Vmb CDF Passes: gamma: 0.2582073134188046 to 1.018207313408994, k0: 5.115870355154017e-07 to 4.289106122170946e-06
EATR MLE: logk = -5.688647682209099 +/- 0.12082781761754195, gamma: 0.7435901823968241 +/- 0.10954544373892602, KS: 0.062366373123657004, p = 0.8082580947739202
EATR CDF: logk = -5.787463564753991 +/- 0.12532254835154946, gamma: 0.8407633270170309 +/- 0.1027410008963203, KS: 0.049910583889601456, p = 0.9538875215417743
EATR CDF KS Passes: gamma: 0.4207633270170289 to 1.0007633270074203, k0: 1.1111502392110987e-06 to 3.940633902556957e-06
Set gruns_pace1e5 complete!
../../Data/G_radius_of_gyration_ut/gruns_pace5e5:
100 out of 100 underbiased simulations transitioned.
iMetaD MLE: logk = -5.89844874549775 +/- 0.051409932650250845, KS: 0.05374079999999998, p = 0.9198466476617825
iMetaD CDF: logk = -5.862917993971322 +/- 0.05131337368496514, KS: 0.04565380000000008, p = 0.9791732882599044
iMetaD CDF Passes: k0: 1.0401165481882909e-06 to 1.8075153994375521e-06
KTR Vmb MLE: logk = -5.803781734142004 +/- 0.09618669254878383, gamma: 0.6358454517259378 +/- 0.11049144824279218, KS: 0.04766387305219377, p = 0.9688359716459607
KTR Vmb CDF: logk = -5.812622096976536 +/- 0.11406526262347028, gamma: 0.658979867054878 +/- 0.13635217171457736, KS: 0.04636515958175452, p = 0.9758300568731082
KTR Vmb CDF Passes: gamma: 0.09897986705487684 to 1.0189798670450614, k0: 9.389516403801354e-07 to 3.1470509773922426e-06
EATR MLE: logk = -5.708073495051117 +/- 0.10902703438621697, gamma: 0.7071225648686402 +/- 0.1859402003549049, KS: 0.07442742900900784, p = 0.6099594677669298
EATR CDF: logk = -5.810799378016501 +/- 0.08940436878279522, gamma: 0.8842764091870089 +/- 0.13055828478341622, KS: 0.04608320140356187, p = 0.9771955219359205
EATR CDF KS Passes: gamma: 0.1442764091870081 to 1.0042764091784038, k0: 1.3578672890087473e-06 to 3.143143953367834e-06
Set gruns_pace5e5 complete!
../../Data/G_radius_of_gyration_ut/gruns_pace1e6:
100 out of 100 underbiased simulations transitioned.
iMetaD MLE: logk = -5.9092284348029995 +/- 0.045353318905828874, KS: 0.1245146, p = 0.0825103248225223
iMetaD CDF: logk = -5.880614421802322 +/- 0.061277169515620705, KS: 0.11297660000000001, p = 0.1441286629211267
iMetaD CDF Passes: k0: 1.2005647234338344e-06 to 1.5114214388344908e-06
KTR Vmb MLE: logk = -5.802296046359608 +/- 0.10134251080768057, gamma: 0.5672115043607583 +/- 0.13954285831374572, KS: 0.08566754628676715, p = 0.43125477253258826
KTR Vmb CDF: logk = -5.739516961074511 +/- 0.10539084621057145, gamma: 0.40905327349633314 +/- 0.17541744195443, KS: 0.06667951163721958, p = 0.7399673918419873
KTR Vmb CDF Passes: gamma: -0.01094672650366723 to 0.9490532734865094, k0: 1.065817137193259e-06 to 2.6763092666152784e-06
EATR MLE: logk = -5.745881898547688 +/- 0.11426384483985869, gamma: 0.6474398646511222 +/- 0.235416311600203, KS: 0.07643167319129296, p = 0.5764649471825636
EATR CDF: logk = -5.739322793808856 +/- 0.103956994792946, gamma: 0.5660097363200098 +/- 0.23022311023212536, KS: 0.06741456602118295, p = 0.7278636258474311
EATR CDF KS Passes: gamma: -0.013990263679990551 to 1.0060097363102227, k0: 1.306776195173437e-06 to 2.673290624943687e-06
Set gruns_pace1e6 complete!
