../../Data/G_radius_of_gyration_wt/gruns_pace1e2:
100 out of 100 underbiased simulations transitioned.
iMetaD MLE: logk = -9.793831175361431 +/- 0.13336539869511016, KS: 0.4931592, p = 5.702391510713839e-23
iMetaD CDF: logk = -8.734218974586772 +/- 0.18728382426274878, KS: 0.25629060000000004, p = 2.798305824044226e-06
iMetaD CDF Passes: k0: 1.8440853828329034e-09 to 1.8440853828329034e-09
KTR Vmb MLE: logk = -6.076014499946838 +/- 0.6626120287952351, gamma: 0.5296802532322793 +/- 0.11534472883136776, KS: 0.12073457919105901, p = 0.0996508433399577
KTR Vmb CDF: logk = -6.365315740756297 +/- 0.6259493516149485, gamma: 0.584923710677872 +/- 0.10903975146753725, KS: 0.12398087388334877, p = 0.08476889563600236
KTR Vmb CDF Passes: gamma: 0.5449237106738438 to 0.6849237106720499, k0: 1.1089858519135083e-07 to 7.416708041379005e-07
EATR MLE: logk = -5.451453917142936 +/- 0.8431496524601267, gamma: 0.4636712406312571 +/- 0.15296284347423503, KS: 0.2685065717366918, p = 7.405838439080803e-07
EATR CDF: logk = -7.343287597642514 +/- 0.25333717122256305, gamma: 0.7005838793607838 +/- 0.03957192188570602, KS: 0.20975317778368352, p = 0.00024462018906692837
EATR CDF KS Passes: gamma: 0.7005838793607838 to 0.7005838793607838, k0: 4.536411078327006e-08 to 4.536411078327006e-08
Set gruns_pace1e2 complete!
../../Data/G_radius_of_gyration_wt/gruns_pace1e3:
100 out of 100 underbiased simulations transitioned.
iMetaD MLE: logk = -8.115020127862616 +/- 0.15609667019155612, KS: 0.4789508, p = 1.3000990023960556e-21
iMetaD CDF: logk = -7.231648472524261 +/- 0.11412738204364956, KS: 0.24928899999999998, p = 5.820824062537777e-06
iMetaD CDF Passes: k0: 5.866127896557936e-08 to 5.866127896557936e-08
KTR Vmb MLE: logk = -5.52123181400706 +/- 0.3722494368178272, gamma: 0.44101416298251755 +/- 0.08203781345038601, KS: 0.15280209158910507, p = 0.016687928662169164
KTR Vmb CDF: logk = -6.047155930230158 +/- 0.37788689780523593, gamma: 0.5679789827474493 +/- 0.08849231132848256, KS: 0.13043080944388463, p = 0.06068964491548147
KTR Vmb CDF Passes: gamma: 0.42797898274734253 to 0.6079789827379392, k0: 5.91258803007991e-07 to 3.8021977763194913e-06
EATR MLE: logk = -5.592134820220705 +/- 0.39920631759764136, gamma: 0.555436888112815 +/- 0.0892747224365574, KS: 0.16449959725917312, p = 0.007827110053598445
EATR CDF: logk = -6.500799456654319 +/- 0.5496195824293388, gamma: 0.7341241636539189 +/- 0.11436592743447685, KS: 0.12324755257522901, p = 0.08795654438211611
EATR CDF KS Passes: gamma: 0.5941241636536786 to 0.8541241636475748, k0: 7.91260094834717e-08 to 1.520777433964637e-06
Set gruns_pace1e3 complete!
../../Data/G_radius_of_gyration_wt/gruns_pace1e4:
100 out of 100 underbiased simulations transitioned.
iMetaD MLE: logk = -6.936725823179652 +/- 0.07819742129817948, KS: 0.3144342, p = 2.757219228684754e-09
iMetaD CDF: logk = -6.528160266916584 +/- 0.07263737914538809, KS: 0.20815660000000002, p = 0.00028051604138535757
iMetaD CDF Passes: k0: 2.9637374849479836e-07 to 2.9637374849479836e-07
KTR Vmb MLE: logk = -5.7390612907324385 +/- 0.18200606838175887, gamma: 0.5402298965348344 +/- 0.05006934458435468, KS: 0.09079306357940553, p = 0.3601420014735578
KTR Vmb CDF: logk = -5.828863600025997 +/- 0.26727641761089455, gamma: 0.5819000409740858 +/- 0.0900217273198982, KS: 0.06273957077520775, p = 0.8025836738647266
KTR Vmb CDF Passes: gamma: 0.3619000409740853 to 0.8019000409663576, k0: 3.250943679768113e-07 to 6.456174428746476e-06
EATR MLE: logk = -5.567556819714686 +/- 0.21288705201680114, gamma: 0.60791763535817 +/- 0.07659460403392006, KS: 0.10052197608068025, p = 0.24738962191669497
EATR CDF: logk = -5.901209725803901 +/- 0.30299076174134926, gamma: 0.7299097165841657 +/- 0.11542166059193482, KS: 0.07816232794354727, p = 0.5479487003796952
EATR CDF KS Passes: gamma: 0.5099097165841625 to 0.8699097165761559, k0: 5.014990898297799e-07 to 4.900576298125301e-06
Set gruns_pace1e4 complete!
../../Data/G_radius_of_gyration_wt/gruns_pace2e4:
100 out of 100 underbiased simulations transitioned.
iMetaD MLE: logk = -6.657195740989196 +/- 0.140483520608411, KS: 0.3489108, p = 2.1929079627896208e-11
iMetaD CDF: logk = -6.242780281431741 +/- 0.0843978323530735, KS: 0.1625390000000001, p = 0.008921229684246808
iMetaD CDF Passes: k0: 5.717678326926843e-07 to 5.717678326926843e-07
KTR Vmb MLE: logk = -5.4868617485661515 +/- 0.22282710226170996, gamma: 0.4824860358894489 +/- 0.08930489404269648, KS: 0.09313891095075644, p = 0.33025054642195983
KTR Vmb CDF: logk = -5.744566026583287 +/- 0.17459021824049784, gamma: 0.6037285247557134 +/- 0.07200918479048708, KS: 0.07813959386082195, p = 0.5483202871031501
KTR Vmb CDF Passes: gamma: 0.4037285247557114 to 0.8037285247462245, k0: 5.809779327735482e-07 to 5.375126170624671e-06
EATR MLE: logk = -5.3814006462903095 +/- 0.19364277012351466, gamma: 0.5697440733274148 +/- 0.09374935173416214, KS: 0.1336732946639293, p = 0.05097621856018489
EATR CDF: logk = -5.830796322559715 +/- 0.20569897907034482, gamma: 0.7763842042119303 +/- 0.09889763372679694, KS: 0.08157801740577666, p = 0.49323253740677775
EATR CDF KS Passes: gamma: 0.5763842042114311 to 0.9563842042040069, k0: 5.67538423481581e-07 to 4.0237668926691045e-06
Set gruns_pace2e4 complete!
../../Data/G_radius_of_gyration_wt/gruns_pace5e4:
100 out of 100 underbiased simulations transitioned.
iMetaD MLE: logk = -6.543897459297709 +/- 0.09917725245518498, KS: 0.26408059999999994, p = 1.2079153153509044e-06
iMetaD CDF: logk = -6.235354817600314 +/- 0.10371853307986777, KS: 0.15473780000000004, p = 0.014780410761496431
iMetaD CDF Passes: k0: 5.816278349905351e-07 to 5.816278349905351e-07
KTR Vmb MLE: logk = -5.560361991104397 +/- 0.13670731460259322, gamma: 0.47781847777399844 +/- 0.05961802874431314, KS: 0.05890294033176258, p = 0.8580384366273952
KTR Vmb CDF: logk = -5.540386567774636 +/- 0.15067981695044597, gamma: 0.47999030179645885 +/- 0.0674452935890458, KS: 0.06310576790973679, p = 0.7969653714962829
KTR Vmb CDF Passes: gamma: 0.27999030179636575 to 0.7799903017880745, k0: 7.017203027306608e-07 to 6.951823512262046e-06
EATR MLE: logk = -5.4907103639007975 +/- 0.1479127634197699, gamma: 0.565003306479031 +/- 0.08051993658858497, KS: 0.07976127233492994, p = 0.5220451240651147
EATR CDF: logk = -5.587493742161975 +/- 0.14538093994860318, gamma: 0.6236670001694296 +/- 0.08150846277368683, KS: 0.06595796801407619, p = 0.751743908253659
EATR CDF KS Passes: gamma: 0.38366700016942723 to 0.943667000159472, k0: 6.633331827055101e-07 to 6.431579624888758e-06
Set gruns_pace5e4 complete!
../../Data/G_radius_of_gyration_wt/gruns_pace1e5:
100 out of 100 underbiased simulations transitioned.
iMetaD MLE: logk = -6.227504374081125 +/- 0.0740105397616529, KS: 0.1705042, p = 0.005191199671421888
iMetaD CDF: logk = -6.0582716501791145 +/- 0.07786275688307316, KS: 0.12289839999999996, p = 0.0895091921506296
iMetaD CDF Passes: k0: 6.945897174442653e-07 to 8.744366460615158e-07
KTR Vmb MLE: logk = -5.6112491806916 +/- 0.1209424713383258, gamma: 0.5361788547618631 +/- 0.06049259913642937, KS: 0.050664939832662514, p = 0.9480362927369308
KTR Vmb CDF: logk = -5.6122581577452095 +/- 0.13462988420585287, gamma: 0.5462365650769582 +/- 0.0758497044796221, KS: 0.04636343770850504, p = 0.9758385581333903
KTR Vmb CDF Passes: gamma: 0.26623656507695775 to 0.866236565067152, k0: 7.338376365754706e-07 to 6.485081771524011e-06
EATR MLE: logk = -5.51472902340911 +/- 0.14636216755010376, gamma: 0.6154933901866853 +/- 0.096500929503298, KS: 0.07315167987618199, p = 0.6314515087891381
EATR CDF: logk = -5.661925825512417 +/- 0.1520002363759614, gamma: 0.7091375967887426 +/- 0.0845310474678534, KS: 0.04914119603805467, p = 0.9594219712627432
EATR CDF KS Passes: gamma: 0.38913759678873994 to 1.0091375967787835, k0: 7.890705503187058e-07 to 5.726642768974812e-06
Set gruns_pace1e5 complete!
../../Data/G_radius_of_gyration_wt/gruns_pace5e5:
100 out of 100 underbiased simulations transitioned.
iMetaD MLE: logk = -5.948955970643656 +/- 0.06169072684835714, KS: 0.1403848, p = 0.03504621843353071
iMetaD CDF: logk = -5.85338708841899 +/- 0.06996872470794346, KS: 0.09211720000000001, p = 0.34305924244861136
iMetaD CDF Passes: k0: 1.165770098287376e-06 to 1.6092106998204521e-06
KTR Vmb MLE: logk = -5.607931088890324 +/- 0.1019428493120971, gamma: 0.5454472998762749 +/- 0.08018004625202806, KS: 0.05012435811624946, p = 0.9522721547841048
KTR Vmb CDF: logk = -5.610181920914412 +/- 0.10406756461444945, gamma: 0.5487179824105505 +/- 0.09961860412061312, KS: 0.04970412613660988, p = 0.9554155140801566
KTR Vmb CDF Passes: gamma: 0.1687179824105494 to 1.0087179824005792, k0: 9.711934041367009e-07 to 4.882414217123913e-06
EATR MLE: logk = -5.544287456455244 +/- 0.112167733765594, gamma: 0.5984508510796945 +/- 0.13465356833932243, KS: 0.07477244479257136, p = 0.6041658248050443
EATR CDF: logk = -5.62206671158135 +/- 0.13803564507533622, gamma: 0.6804871290910821 +/- 0.1453745850229673, KS: 0.049368658065299664, p = 0.9578311927164206
EATR CDF KS Passes: gamma: 0.22048712909108112 to 1.0004871290815995, k0: 1.3675696447516255e-06 to 4.819990854857107e-06
Set gruns_pace5e5 complete!
../../Data/G_radius_of_gyration_wt/gruns_pace1e6:
100 out of 100 underbiased simulations transitioned.
iMetaD MLE: logk = -5.919896739235345 +/- 0.05527704037328317, KS: 0.07691419999999999, p = 0.5684704114679832
iMetaD CDF: logk = -5.8667869735241265 +/- 0.04772960809969147, KS: 0.04703679999999999, p = 0.9723594564732875
iMetaD CDF Passes: k0: 1.030891660750112e-06 to 1.7108543031674495e-06
KTR Vmb MLE: logk = -5.77006017253211 +/- 0.10082040927195315, gamma: 0.6706062963558692 +/- 0.10988150773753248, KS: 0.05383010915960229, p = 0.9189261744841232
KTR Vmb CDF: logk = -5.823570762928807 +/- 0.11470878402588597, gamma: 0.7652251021481344 +/- 0.13238004856891672, KS: 0.04933500457561796, p = 0.9580689505910505
KTR Vmb CDF Passes: gamma: 0.20522510214813314 to 1.0052251021398566, k0: 1.040397712754344e-06 to 3.2873665770214946e-06
EATR MLE: logk = -5.703639315306808 +/- 0.10281343376211281, gamma: 0.7232004837087653 +/- 0.1486917799079076, KS: 0.0726936284105375, p = 0.6391865524434139
EATR CDF: logk = -5.824631720654455 +/- 0.08839355914070517, gamma: 0.9161711791677916 +/- 0.10493248519377812, KS: 0.05036768822634524, p = 0.9503922734534629
EATR CDF KS Passes: gamma: 0.27617117916779066 to 1.0161711791617056, k0: 1.3125138277579e-06 to 3.2116983337410334e-06
Set gruns_pace1e6 complete!
