../../Data/2D_GE_wt/geruns_pace1e2:
100 out of 100 underbiased simulations transitioned.
iMetaD MLE: logk = -6.558793759613019 +/- 0.09909458066523062, KS: 0.292891, p = 4.278397254189528e-08
iMetaD CDF: logk = -6.17152686753701 +/- 0.08933914965428495, KS: 0.15463800000000005, p = 0.014873761113008385
iMetaD CDF Passes: k0: 6.737102152402017e-07 to 6.737102152402017e-07
KTR Vmb MLE: logk = -6.249641076027504 +/- 0.34795448438543775, gamma: 0.957698336086487 +/- 0.09677618976222949, KS: 0.12077417747579881, p = 0.09945701593766196
KTR Vmb CDF: logk = -6.365775756954299 +/- 0.2702279517816879, gamma: 0.9999999998422529 +/- 0.07897773960733265, KS: 0.1255069253803373, p = 0.07844552494480911
KTR Vmb CDF Passes: gamma: 0.9599999998375905 to 1.0199999998385756, k0: 3.6669142914209846e-07 to 5.944607709246981e-07
EATR MLE: logk = -2.9556965434973335 +/- 0.5603962698125794, gamma: 5.9608609865491405e-06 +/- 0.21310835027148423, KS: 0.4354448572813652, p = 9.202898677149198e-18
EATR CDF: logk = -3.079417856912442 +/- 0.3339168243621855, gamma: 6.590363563075966e-14 +/- 0.09949873991362354, KS: 0.3433041387925522, p = 4.9997834618161344e-11
EATR CDF KS Passes: gamma: 6.590363563075966e-14 to 6.590363563075966e-14, k0: 0.0008328794431128943 to 0.0008328794431128943
Set geruns_pace1e2 complete!
../../Data/2D_GE_wt/geruns_pace1e3:
100 out of 100 underbiased simulations transitioned.
iMetaD MLE: logk = -6.432766837001368 +/- 0.06510162250116083, KS: 0.19084299999999998, p = 0.0011555161452252933
iMetaD CDF: logk = -6.22501021324993 +/- 0.0864000593923842, KS: 0.1436172, p = 0.029067454568144278
iMetaD CDF Passes: k0: 5.432375560914048e-07 to 5.956481355803358e-07
KTR Vmb MLE: logk = -6.508355211470035 +/- 0.41225924535939135, gamma: 0.8241729455961379 +/- 0.11396621598369494, KS: 0.07878835933671809, p = 0.5377511424462293
KTR Vmb CDF: logk = -6.585398834967321 +/- 0.4268837631872187, gamma: 0.8512814557119911 +/- 0.12206272187739645, KS: 0.07938918530297574, p = 0.528030545049151
KTR Vmb CDF Passes: gamma: 0.571281455710808 to 1.011281455706365, k0: 7.364584335990492e-08 to 2.291503831945488e-06
EATR MLE: logk = -5.119172769453059 +/- 0.4462607265872455, gamma: 0.6424524472003643 +/- 0.2102871958597343, KS: 0.28250665448712825, p = 1.4883751297581523e-07
EATR CDF: logk = -6.427070773999497 +/- 0.1205538617689693, gamma: 0.9999979740979009 +/- 0.03062951363005481, KS: 0.17570165299199483, p = 0.0035946388131078938
EATR CDF KS Passes: gamma: 0.9999979740979009 to 0.9999979740979009, k0: 3.740496269971718e-07 to 3.740496269971718e-07
Set geruns_pace1e3 complete!
../../Data/2D_GE_wt/geruns_pace1e4:
100 out of 100 underbiased simulations transitioned.
iMetaD MLE: logk = -6.336719675579066 +/- 0.08468714579140421, KS: 0.20843620000000002, p = 0.00027389098881979394
iMetaD CDF: logk = -6.122630975350884 +/- 0.07718355560842441, KS: 0.1284328, p = 0.06743096609835955
iMetaD CDF Passes: k0: 7.539959700254739e-07 to 7.895307053290041e-07
KTR Vmb MLE: logk = -5.564377048684961 +/- 0.19349315876357429, gamma: 0.4543685443879662 +/- 0.06483021869008601, KS: 0.05882598031740838, p = 0.859077825275451
KTR Vmb CDF: logk = -5.529164580536386 +/- 0.2746764132053737, gamma: 0.4428070594071064 +/- 0.09426045482882191, KS: 0.06410181080877364, p = 0.781449089060611
KTR Vmb CDF Passes: gamma: 0.12280705940710607 to 0.8628070593991137, k0: 2.2929836248048522e-07 to 1.744052231594987e-05
EATR MLE: logk = -5.05946882647942 +/- 0.14731236052471633, gamma: 0.4784160142646626 +/- 0.09042927652590341, KS: 0.11728044745995378, p = 0.11780513190461349
EATR CDF: logk = -5.704051045707219 +/- 0.2702646804395507, gamma: 0.7863466180687188 +/- 0.11693176178673204, KS: 0.06653711327831469, p = 0.7423002433249314
EATR CDF KS Passes: gamma: 0.3463466180687176 to 1.0063466180591292, k0: 6.055362609521026e-07 to 1.2551956683817028e-05
Set geruns_pace1e4 complete!
../../Data/2D_GE_wt/geruns_pace2e4:
100 out of 100 underbiased simulations transitioned.
iMetaD MLE: logk = -6.192304442067483 +/- 0.057142425271363366, KS: 0.07177719999999999, p = 0.6546741092773902
iMetaD CDF: logk = -6.1458239382564965 +/- 0.049577421586211444, KS: 0.0578982, p = 0.8713506604899199
iMetaD CDF Passes: k0: 5.178167108222834e-07 to 8.998623092072396e-07
KTR Vmb MLE: logk = -5.927576769367981 +/- 0.19788690733326214, gamma: 0.5666949519097164 +/- 0.07782075071925627, KS: 0.07201738562875559, p = 0.650614439133933
KTR Vmb CDF: logk = -6.094861086738056 +/- 0.2531212195423969, gamma: 0.6377013668687684 +/- 0.10224488113048451, KS: 0.057097991669470494, p = 0.8815379525969634
KTR Vmb CDF Passes: gamma: 0.33770136686873176 to 1.0177013668628663, k0: 9.59995462664935e-08 to 3.9548890235812e-06
EATR MLE: logk = -5.601886645887029 +/- 0.19765148623772127, gamma: 0.7245978876506983 +/- 0.11279050565193613, KS: 0.1516584310933815, p = 0.017915668673096522
EATR CDF: logk = -6.184644810813115 +/- 0.1332823951326159, gamma: 0.9999999999999293 +/- 0.05760399241912107, KS: 0.07017529718974824, p = 0.68171822135383
EATR CDF KS Passes: gamma: 0.6599999999997231 to 1.0199999999966993, k0: 5.937968297669562e-07 to 2.9068500973030813e-06
Set geruns_pace2e4 complete!
../../Data/2D_GE_wt/geruns_pace5e4:
97 out of 100 underbiased simulations transitioned.
iMetaD MLE: logk = -6.079731260864866 +/- 0.057168478250555016, KS: 0.1564448556701031, p = 0.015373396990070466
iMetaD CDF: logk = -5.982201412313743 +/- 0.06655029405797637, KS: 0.09327859999999999, p = 0.328524668725707
iMetaD CDF Passes: k0: 9.073996087794326e-07 to 1.2525601416659426e-06
KTR Vmb MLE: logk = -5.735112385126422 +/- 0.13299478575878598, gamma: 0.49703401753153137 +/- 0.05990105283219646, KS: 0.0556776372102481, p = 0.8986516295278791
KTR Vmb CDF: logk = -5.615067537687607 +/- 0.17389458178096373, gamma: 0.433817668916306 +/- 0.08739737397754778, KS: 0.06220841156196655, p = 0.8106437266554841
KTR Vmb CDF Passes: gamma: 0.1338176689163059 to 1.013817668907013, k0: 2.002794804895474e-07 to 7.789644640185902e-06
EATR MLE: logk = -5.504398099691716 +/- 0.12911096481580359, gamma: 0.65553477172803 +/- 0.09985920924380473, KS: 0.0801073064089809, p = 0.5165034675139069
EATR CDF: logk = -5.652184000874639 +/- 0.1587618881567136, gamma: 0.745393450789934 +/- 0.10860159665830538, KS: 0.060475459717558855, p = 0.836130143940322
EATR CDF KS Passes: gamma: 0.2853934507899315 to 1.0053934507825633, k0: 9.489293654731467e-07 to 7.3745089833238575e-06
Set geruns_pace5e4 complete!
../../Data/2D_GE_wt/geruns_pace1e5:
100 out of 100 underbiased simulations transitioned.
iMetaD MLE: logk = -6.162876493578418 +/- 0.06201070141318614, KS: 0.1491768, p = 0.020860649551080062
iMetaD CDF: logk = -5.9992703622621075 +/- 0.059827062400349094, KS: 0.1067264, p = 0.19055790971272385
iMetaD CDF Passes: k0: 7.598530967155617e-07 to 1.2042860002549898e-06
KTR Vmb MLE: logk = -5.6548178014769785 +/- 0.11707718429902901, gamma: 0.3843994730796933 +/- 0.0570167100471651, KS: 0.08559155551385023, p = 0.432366341012958
KTR Vmb CDF: logk = -5.710339691404249 +/- 0.16009786323042102, gamma: 0.43902342100756003 +/- 0.09893547846335904, KS: 0.062093383951928094, p = 0.8123747480168256
KTR Vmb CDF Passes: gamma: 0.05902342100755988 to 0.8190234209994758, k0: 4.869566544967328e-07 to 6.839501708318601e-06
EATR MLE: logk = -5.579947052359335 +/- 0.15333113324284234, gamma: 0.6124267377061892 +/- 0.1375939278315122, KS: 0.07886806174941019, p = 0.536457821880789
EATR CDF: logk = -5.759004182951825 +/- 0.1538048238961405, gamma: 0.7790161346474227 +/- 0.1296098169007433, KS: 0.06316636852509483, p = 0.7960309659221384
EATR CDF KS Passes: gamma: 0.13901613464741952 to 1.0190161346387328, k0: 9.070687440646125e-07 to 6.634235114179432e-06
Set geruns_pace1e5 complete!
../../Data/2D_GE_wt/geruns_pace5e5:
66 out of 100 underbiased simulations transitioned.
iMetaD MLE: logk = -5.839289585412664 +/- 0.06593637773130157, KS: 0.08939242424242427, p = 0.6345152910939886
iMetaD CDF: logk = -6.119298623528087 +/- 0.09978462487257936, KS: 0.3945622, p = 1.515889705896721e-14
iMetaD CDF Passes: k0: 7.598036516669386e-07 to 7.598036516669386e-07
KTR Vmb MLE: logk = -5.953494817696597 +/- 0.11317031454316703, gamma: 0.6630110396235501 +/- 0.09911211643009926, KS: 0.22215474428256832, p = 8.138889061306543e-05
KTR Vmb CDF: logk = -5.680353657775636 +/- 0.07805539713168294, gamma: 0.1174227533891705 +/- 0.0837367390358805, KS: 0.40590033797515157, p = 2.11877518793134e-15
KTR Vmb CDF Passes: gamma: 0.1174227533891705 to 0.1174227533891705, k0: 2.08759545289645e-06 to 2.08759545289645e-06
EATR MLE: logk = -5.811232567632106 +/- 0.11307202492847611, gamma: 0.8684348665502601 +/- 0.16547891998327746, KS: 0.2121004972240751, p = 0.00019962380161817048
EATR CDF: logk = -5.68388564709697 +/- 0.08268362923488493, gamma: 0.22733839560683547 +/- 0.17025226413990432, KS: 0.40605621430301553, p = 2.061285453179039e-15
EATR CDF KS Passes: gamma: 0.22733839560683547 to 0.22733839560683547, k0: 2.0706865038677164e-06 to 2.0706865038677164e-06
Set geruns_pace5e5 complete!
../../Data/2D_GE_wt/geruns_pace1e6:
50 out of 100 underbiased simulations transitioned.
iMetaD MLE: logk = -5.73088010955892 +/- 0.07447727240724623, KS: 0.12172519999999998, p = 0.4160491468365013
iMetaD CDF: logk = -6.245431361996615 +/- 0.1476591322095203, KS: 0.5799466, p = 1.9010444642133633e-32
iMetaD CDF Passes: k0: 5.682881994823762e-07 to 5.682881994823762e-07
KTR Vmb MLE: logk = -5.932724998394767 +/- 0.10706549184900269, gamma: 0.5586417988449429 +/- 0.12856583872388036, KS: 0.38323673389792223, p = 1.0144259941601158e-13
KTR Vmb CDF: logk = -5.828383357500919 +/- 0.07645086365916995, gamma: 8.081937539249962e-10 +/- 0.0026393226231367275, KS: 0.5254894334923959, p = 2.9587307731644496e-26
KTR Vmb CDF Passes: gamma: 8.081937539249962e-10 to 8.081937539249962e-10, k0: 1.4846245659191777e-06 to 1.4846245659191777e-06
EATR MLE: logk = -5.769124329133702 +/- 0.10123719406096336, gamma: 0.5362502001488839 +/- 0.28207880419979864, KS: 0.3679709827674613, p = 1.1893529426860798e-12
EATR CDF: logk = -5.8283757734311825 +/- 0.07736469187897378, gamma: 6.491838918345496e-09 +/- 0.04998771635777832, KS: 0.5254847000151115, p = 2.962148794546069e-26
EATR CDF KS Passes: gamma: 6.491838918345496e-09 to 6.491838918345496e-09, k0: 1.4846504920937491e-06 to 1.4846504920937491e-06
Set geruns_pace1e6 complete!
