../../Data/L_lda_wt/lruns_pace1e2:
98 out of 100 underbiased simulations transitioned.
iMetaD MLE: logk = -15.137461604996767 +/- 0.5327196464267892, KS: 0.8211599755102041, p = 4.1450218479022246e-73
iMetaD CDF: logk = -11.356620121701141 +/- 0.38540415454734667, KS: 0.37314139999999996, p = 5.233394093205061e-13
iMetaD CDF Passes: k0: 4.399262516119598e-12 to 4.399262516119598e-12
KTR Vmb MLE: logk = -3.9371121807720906 +/- 0.15197292936385276, gamma: 0.01082234185135285 +/- 0.017059862819612706, KS: 0.05254344155841317, p = 0.9316387484721924
KTR Vmb CDF: logk = -3.8974364137753033 +/- 0.1375909528294083, gamma: 0.004641108641019121 +/- 0.015176240134997705, KS: 0.04824562971017998, p = 0.9653173054635589
KTR Vmb CDF Passes: gamma: -0.015358891358980881 to 0.08464110863101926, k0: 3.208437790860073e-05 to 0.0001760028049646696
EATR MLE: logk = -3.8866212014811197 +/- 0.1188782757751947, gamma: 0.005677702395691663 +/- 0.016252220134292592, KS: 0.04415992755645792, p = 0.9851355543393981
EATR CDF: logk = -3.894274631107888 +/- 0.14233359124433959, gamma: 0.005038741350652594 +/- 0.019659677158795682, KS: 0.04816456059902918, p = 0.965822215030662
EATR CDF KS Passes: gamma: -0.014961258649347522 to 0.10503874134065269, k0: 2.8948462607139246e-05 to 0.0001676713070641168
Set lruns_pace1e2 complete!
../../Data/L_lda_wt/lruns_pace1e3:
99 out of 100 underbiased simulations transitioned.
iMetaD MLE: logk = -9.916616002143885 +/- 0.23083573158835055, KS: 0.6964459676767676, p = 1.4646969267081595e-48
iMetaD CDF: logk = -7.768108973717159 +/- 0.2021736826616656, KS: 0.32905779999999996, p = 3.796996247065261e-10
iMetaD CDF Passes: k0: 1.7056543503703536e-08 to 1.7056543503703536e-08
KTR Vmb MLE: logk = -4.282462626167774 +/- 0.12915666956000027, gamma: 0.06766365891107365 +/- 0.028751605383203573, KS: 0.08807110592340939, p = 0.39694147254734896
KTR Vmb CDF: logk = -4.449819418058605 +/- 0.16586736663191198, gamma: 0.11688609892319313 +/- 0.044687153584706166, KS: 0.07155789471834151, p = 0.6583805702155847
KTR Vmb CDF Passes: gamma: -0.0031139010768077503 to 0.21688609891319707, k0: 1.3840603316254824e-05 to 0.00010612277078938582
EATR MLE: logk = -4.163965298597191 +/- 0.09400851803175028, gamma: 0.05912125469726179 +/- 0.030632196012495554, KS: 0.08662056928675577, p = 0.41745146058441696
EATR CDF: logk = -4.334988510698764 +/- 0.18332776293213035, gamma: 0.12400384425992399 +/- 0.05852250750255572, KS: 0.07399103202966406, p = 0.6173004033634677
EATR CDF KS Passes: gamma: -0.015996155740076033 to 0.22400384424992548, k0: 2.232284679660093e-05 to 0.00011349226668724299
Set lruns_pace1e3 complete!
../../Data/L_lda_wt/lruns_pace1e4:
100 out of 100 underbiased simulations transitioned.
iMetaD MLE: logk = -7.579871301919717 +/- 0.1608917669525953, KS: 0.6031132, p = 2.34867146821436e-35
iMetaD CDF: logk = -6.3810848221211565 +/- 0.09949216149987511, KS: 0.1891723999999999, p = 0.001315836347444266
iMetaD CDF Passes: k0: 4.158293868617379e-07 to 4.158293868617379e-07
KTR Vmb MLE: logk = -4.892408002813271 +/- 0.11807570901479786, gamma: 0.19974536420475716 +/- 0.038341641558220944, KS: 0.11280932028952917, p = 0.14524049944681233
KTR Vmb CDF: logk = -5.143786555336683 +/- 0.19087645141945844, gamma: 0.31749728770885505 +/- 0.07799918977811875, KS: 0.08107161363965276, p = 0.5011919812760233
KTR Vmb CDF Passes: gamma: 0.11749728770885422 to 0.4974972876991397, k0: 2.470366892066692e-06 to 2.254777392230364e-05
EATR MLE: logk = -4.635044530584509 +/- 0.11010284901997586, gamma: 0.17691577286694654 +/- 0.056260282934079274, KS: 0.1343462523437367, p = 0.049137450192878046
EATR CDF: logk = -5.05186122753836 +/- 0.26461740574251036, gamma: 0.40905892237937774 +/- 0.1398418044604628, KS: 0.09188184200151939, p = 0.34605590396959385
EATR CDF KS Passes: gamma: 0.20905892237937762 to 0.549058922369598, k0: 4.500231092338484e-06 to 2.07675536972731e-05
Set lruns_pace1e4 complete!
../../Data/L_lda_wt/lruns_pace2e4:
98 out of 100 underbiased simulations transitioned.
iMetaD MLE: logk = -6.813488584877471 +/- 0.108891962513644, KS: 0.3888854081632652, p = 7.418162160107379e-14
iMetaD CDF: logk = -6.246804756601636 +/- 0.15688382142563645, KS: 0.23026080000000004, p = 3.8261510412008406e-05
iMetaD CDF Passes: k0: 5.664939073723534e-07 to 5.664939073723534e-07
KTR Vmb MLE: logk = -5.234715516946727 +/- 0.16898689405592404, gamma: 0.32303101320136335 +/- 0.06053759185557234, KS: 0.07476045995448188, p = 0.6043669149959928
KTR Vmb CDF: logk = -5.247183499389415 +/- 0.13316623331302274, gamma: 0.33757836755254994 +/- 0.05230948560553847, KS: 0.05798992330065855, p = 0.870158963457921
KTR Vmb CDF Passes: gamma: 0.0975783675525499 to 0.6975783675444476, k0: 7.513871455421183e-07 to 1.9855809138932396e-05
EATR MLE: logk = -4.946220073629978 +/- 0.12886028869828764, gamma: 0.3274343224213665 +/- 0.06983551437543022, KS: 0.09775489252122105, p = 0.276456689079666
EATR CDF: logk = -5.28239548862878 +/- 0.1937523704353932, gamma: 0.5098743098062847 +/- 0.09101695333491465, KS: 0.06179230980260464, p = 0.8168802855388335
EATR CDF KS Passes: gamma: 0.16987430980628215 to 0.9098743097987957, k0: 6.892405312477644e-07 to 1.9459435054722304e-05
Set lruns_pace2e4 complete!
../../Data/L_lda_wt/lruns_pace5e4:
99 out of 100 underbiased simulations transitioned.
iMetaD MLE: logk = -6.293978344326214 +/- 0.08460739093488752, KS: 0.2048283050505051, p = 0.000404765646611736
iMetaD CDF: logk = -6.0800991455913955 +/- 0.06945743417743239, KS: 0.10412100000000002, p = 0.21305419739010267
iMetaD CDF Passes: k0: 6.6054263474875e-07 to 9.997717348956604e-07
KTR Vmb MLE: logk = -5.698772465133987 +/- 0.199748232758527, gamma: 0.5366075470687781 +/- 0.1002529474136369, KS: 0.09024626625504374, p = 0.36735399937417396
KTR Vmb CDF: logk = -6.015212197983821 +/- 0.23862027528543503, gamma: 0.709900719437139 +/- 0.11300616736633545, KS: 0.0673018202557444, p = 0.7297264914639643
KTR Vmb CDF Passes: gamma: 0.3899007194371373 to 1.0099007194272835, k0: 2.2933433097946564e-07 to 4.146792253369699e-06
EATR MLE: logk = -5.474974419701807 +/- 0.15357291410674045, gamma: 0.6180700333400424 +/- 0.08834890267304403, KS: 0.12433359762638464, p = 0.08327053578305212
EATR CDF: logk = -6.05514870145846 +/- 0.14592660086073375, gamma: 0.9536842508273364 +/- 0.06967863480767943, KS: 0.06647959795007898, p = 0.7432413177811767
EATR CDF KS Passes: gamma: 0.5936842508273346 to 1.0136842508193564, k0: 6.765170883301073e-07 to 3.715877365140755e-06
Set lruns_pace5e4 complete!
../../Data/L_lda_wt/lruns_pace1e5:
94 out of 100 underbiased simulations transitioned.
iMetaD MLE: logk = -6.061904243392303 +/- 0.07827525604996269, KS: 0.14065382127659576, p = 0.04380391747446186
iMetaD CDF: logk = -5.9877920722242415 +/- 0.07731784906643543, KS: 0.12798620000000002, p = 0.06902197670105367
iMetaD CDF Passes: k0: 1.0285086007663508e-06 to 1.2948156137536212e-06
KTR Vmb MLE: logk = -5.647852731063882 +/- 0.18216388369250247, gamma: 0.5548420958118816 +/- 0.10057492785649183, KS: 0.07012476257775113, p = 0.6825695586230291
KTR Vmb CDF: logk = -5.66379880898968 +/- 0.18481893149433343, gamma: 0.5523909449629506 +/- 0.10060535086656695, KS: 0.08153173253533286, p = 0.4939576176061522
KTR Vmb CDF Passes: gamma: 0.35239094496276446 to 0.8123909449529668, k0: 7.791372927515327e-07 to 4.550485106815266e-06
EATR MLE: logk = -5.554292938397624 +/- 0.15249760437171755, gamma: 0.707864386757255 +/- 0.10277607069710915, KS: 0.055624838271605026, p = 0.8992629079654025
EATR CDF: logk = -5.656861363842779 +/- 0.1749728924006103, gamma: 0.7506510369980999 +/- 0.11091156552380503, KS: 0.08345331585740456, p = 0.4642826872741159
EATR CDF KS Passes: gamma: 0.5106510369980992 to 0.9906510369883003, k0: 9.603148400947154e-07 to 4.57246204480846e-06
Set lruns_pace1e5 complete!
../../Data/L_lda_wt/lruns_pace5e5:
96 out of 100 underbiased simulations transitioned.
iMetaD MLE: logk = -5.904695774694066 +/- 0.046487507161783743, KS: 0.1138507333333334, p = 0.15358431184959706
iMetaD CDF: logk = -5.900581955025909 +/- 0.06381153906258509, KS: 0.08333520000000005, p = 0.466080609349828
iMetaD CDF Passes: k0: 1.09500989827955e-06 to 1.5827708563337145e-06
KTR Vmb MLE: logk = -6.028003277357425 +/- 0.1382868554116254, gamma: 0.7995136241573497 +/- 0.09591512896596334, KS: 0.06801768181105039, p = 0.717863467505105
KTR Vmb CDF: logk = -5.93884133015414 +/- 0.1449742491125119, gamma: 0.7340889302256743 +/- 0.13243665571984392, KS: 0.06752656059205689, p = 0.7260110446547102
KTR Vmb CDF Passes: gamma: 0.3740889302252581 to 1.0140889302185112, k0: 5.660413394590196e-07 to 2.744986186403457e-06
EATR MLE: logk = -5.794024703519618 +/- 0.11477706857634501, gamma: 0.8725536040757156 +/- 0.11457934467048238, KS: 0.09488786641811789, p = 0.3090828662655655
EATR CDF: logk = -5.888725118346062 +/- 0.09270472272383097, gamma: 0.9681361449309316 +/- 0.09153169633871322, KS: 0.07461238325277833, p = 0.6068524460553306
EATR CDF KS Passes: gamma: 0.5681361449309303 to 1.008136144925007, k0: 1.1918439786366406e-06 to 2.718868508613976e-06
Set lruns_pace5e5 complete!
../../Data/L_lda_wt/lruns_pace1e6:
100 out of 100 underbiased simulations transitioned.
iMetaD MLE: logk = -5.992905375676347 +/- 0.03882886713916392, KS: 0.05640060000000002, p = 0.8900999468638432
iMetaD CDF: logk = -5.978136721217795 +/- 0.062428986971053084, KS: 0.0579132, p = 0.8711561074265667
iMetaD CDF Passes: k0: 8.353400015776097e-07 to 1.2643382556565108e-06
KTR Vmb MLE: logk = -6.06165104058193 +/- 0.12975223631731336, gamma: 0.7704922055546084 +/- 0.10238531943968791, KS: 0.06922244225236396, p = 0.6977386948181827
KTR Vmb CDF: logk = -6.077125191072083 +/- 0.1510542933793127, gamma: 0.7946978392479456 +/- 0.1370795728843189, KS: 0.07544094816552449, p = 0.592969992549116
KTR Vmb CDF Passes: gamma: 0.254697839244023 to 1.0146978392421075, k0: 5.077262245554519e-07 to 2.6070039072703565e-06
EATR MLE: logk = -5.86794416793314 +/- 0.1260478753107735, gamma: 0.8646390833040309 +/- 0.1555633030873586, KS: 0.0925631816674019, p = 0.3374281327101793
EATR CDF: logk = -5.9876861542065765 +/- 0.0679577805819255, gamma: 0.9999999999840778 +/- 0.05150023520711431, KS: 0.07391051547890559, p = 0.6186562176516892
EATR CDF KS Passes: gamma: 0.3999999999840754 to 1.0199999999828855, k0: 9.933740603080892e-07 to 2.607577476691954e-06
Set lruns_pace1e6 complete!
