../../Data/Q_frac_native_contacts_ut/qruns_pace1e2:
100 out of 100 underbiased simulations transitioned.
iMetaD MLE: logk = -6.407583408921301 +/- 0.1999562762139714, KS: 0.5342832000000001, p = 3.380002382420258e-27
iMetaD CDF: logk = -5.558223108371158 +/- 0.06550561828606816, KS: 0.1687818000000001, p = 0.005849067030810466
iMetaD CDF Passes: k0: 2.7655205605767274e-06 to 2.7655205605767274e-06
KTR Vmb MLE: logk = -4.445322642409875 +/- 0.3223590773855283, gamma: 0.46778549874643294 +/- 0.11118143700722453, KS: 0.23122559298738504, p = 3.490851375029456e-05
KTR Vmb CDF: logk = -5.992187922986996 +/- 0.17937566543760858, gamma: 0.9999999984295785 +/- 0.05728789260323095, KS: 0.11127741539035578, p = 0.15574608329568787
KTR Vmb CDF Passes: gamma: 0.8799999984294765 to 1.019999998423963, k0: 8.862719048547917e-07 to 2.3256175021307933e-06
EATR MLE: logk = -4.349538288600338 +/- 0.4290535843441948, gamma: 0.5325524180921348 +/- 0.14237095185070645, KS: 0.28093787613637305, p = 1.7893004428600224e-07
EATR CDF: logk = -5.518077360840051 +/- 0.37372460321673423, gamma: 0.8823842427987939 +/- 0.12208671952854154, KS: 0.18083774605717517, p = 0.0024724535486725287
EATR CDF KS Passes: gamma: 0.8823842427987939 to 0.8823842427987939, k0: 3.0333508055394247e-06 to 3.0333508055394247e-06
Set qruns_pace1e2 complete!
../../Data/Q_frac_native_contacts_ut/qruns_pace1e3:
100 out of 100 underbiased simulations transitioned.
iMetaD MLE: logk = -6.588077298858997 +/- 0.142999884828059, KS: 0.40103520000000004, p = 4.968826214609787e-15
iMetaD CDF: logk = -5.958730865249786 +/- 0.09777814966982971, KS: 0.15354860000000004, p = 0.015927658635073602
iMetaD CDF Passes: k0: 1.0996871106478352e-06 to 1.0996871106478352e-06
KTR Vmb MLE: logk = -5.1268643520067965 +/- 0.14144789708879382, gamma: 0.45175212219446903 +/- 0.05526804315224801, KS: 0.13085998349285302, p = 0.059319303411326005
KTR Vmb CDF: logk = -5.5071450570647 +/- 0.258211171249721, gamma: 0.6199699850018203 +/- 0.1051817215735646, KS: 0.09699013769184697, p = 0.28490813533166265
KTR Vmb CDF Passes: gamma: 0.4999699850017335 to 0.8599699849921232, k0: 7.392307787686507e-07 to 6.210748301134759e-06
EATR MLE: logk = -4.990856326928878 +/- 0.15198464989540264, gamma: 0.5367485665476477 +/- 0.07144798907035561, KS: 0.15512660204471676, p = 0.014421723909554826
EATR CDF: logk = -5.4013382996882235 +/- 0.22796017779623956, gamma: 0.7200431003112422 +/- 0.09691190834226032, KS: 0.10484254667820139, p = 0.20662974887713992
EATR CDF KS Passes: gamma: 0.6200431003112356 to 0.8400431003015824, k0: 2.0048713985465614e-06 to 6.813492970199947e-06
Set qruns_pace1e3 complete!
../../Data/Q_frac_native_contacts_ut/qruns_pace1e4:
100 out of 100 underbiased simulations transitioned.
iMetaD MLE: logk = -5.911074214556199 +/- 0.04539138534315732, KS: 0.050261, p = 0.9512219074999464
iMetaD CDF: logk = -5.878219326793869 +/- 0.0480009380320722, KS: 0.038857200000000036, p = 0.99680636243696
iMetaD CDF Passes: k0: 1.0041085687013132e-06 to 1.6664054342625678e-06
KTR Vmb MLE: logk = -6.094394979393943 +/- 0.15391538187359788, gamma: 0.8737124547651355 +/- 0.07430162481738102, KS: 0.05365419731970583, p = 0.9207338561698808
KTR Vmb CDF: logk = -6.0929048413519 +/- 0.1706956012129569, gamma: 0.8762836436381212 +/- 0.09184987090071485, KS: 0.05797140868258249, p = 0.8703999009343999
KTR Vmb CDF Passes: gamma: 0.43628364363812067 to 1.0162836436288172, k0: 4.631436246895994e-07 to 4.198686589599773e-06
EATR MLE: logk = -5.831282221145916 +/- 0.1535894967238154, gamma: 0.9579946761437348 +/- 0.09344447982316109, KS: 0.07895971806849239, p = 0.5349719560288456
EATR CDF: logk = -5.908046037647182 +/- 0.06708746036870816, gamma: 0.9999999980304023 +/- 0.026898896073886937, KS: 0.06380859611572404, p = 0.7860507798436771
EATR CDF KS Passes: gamma: 0.6199999980304011 to 1.0199999980303516, k0: 1.1535175780164768e-06 to 4.110024396081057e-06
Set qruns_pace1e4 complete!
../../Data/Q_frac_native_contacts_ut/qruns_pace2e4:
100 out of 100 underbiased simulations transitioned.
iMetaD MLE: logk = -6.014737473473634 +/- 0.05724432329940454, KS: 0.1576194, p = 0.012301762721434874
iMetaD CDF: logk = -5.935317161298448 +/- 0.07875769650952429, KS: 0.127468, p = 0.07090791977541364
iMetaD CDF Passes: k0: 1.1606007281518038e-06 to 1.2152981553364152e-06
KTR Vmb MLE: logk = -5.785443627059901 +/- 0.12628045743978086, gamma: 0.633965397487989 +/- 0.0665077967556674, KS: 0.08307773595133167, p = 0.47001183305532357
KTR Vmb CDF: logk = -5.629099318056206 +/- 0.1426619138995539, gamma: 0.5230810453679234 +/- 0.0774490736471738, KS: 0.05484535418885521, p = 0.9080721956906297
KTR Vmb CDF Passes: gamma: 0.26308104536792065 to 0.8230810453579736, k0: 8.496050954285084e-07 to 5.2273542673844025e-06
EATR MLE: logk = -5.676899300504987 +/- 0.1332910804242618, gamma: 0.7761547137311776 +/- 0.09004484997954244, KS: 0.06866699862556364, p = 0.70703870105067
EATR CDF: logk = -5.597163260375485 +/- 0.12204793816743083, gamma: 0.6988180772670908 +/- 0.08432163425849139, KS: 0.056767914426692156, p = 0.8856279068185319
EATR CDF KS Passes: gamma: 0.39881807726709034 to 1.018818077257274, k0: 1.0216851709566097e-06 to 5.156167053934871e-06
Set qruns_pace2e4 complete!
../../Data/Q_frac_native_contacts_ut/qruns_pace5e4:
100 out of 100 underbiased simulations transitioned.
iMetaD MLE: logk = -5.91745050973239 +/- 0.04972863914311824, KS: 0.08960140000000005, p = 0.37597689620698704
iMetaD CDF: logk = -5.89113560826513 +/- 0.04443938208228457, KS: 0.0675772, p = 0.7251727018745292
iMetaD CDF Passes: k0: 1.1190883940364508e-06 to 1.6175748717204763e-06
KTR Vmb MLE: logk = -6.018867776423948 +/- 0.11202530146680979, gamma: 0.8210682096874817 +/- 0.08582180629514172, KS: 0.0710127795503499, p = 0.6675899810725748
KTR Vmb CDF: logk = -6.201449607908229 +/- 0.09428989679056594, gamma: 0.9999999999998016 +/- 0.07028933788845054, KS: 0.039943537188191325, p = 0.9953922696908641
KTR Vmb CDF Passes: gamma: 0.4199999999997997 to 1.0199999999949327, k0: 5.978896143857723e-07 to 2.505172046449139e-06
EATR MLE: logk = -5.822932926552762 +/- 0.08064016634914088, gamma: 0.9126958406484904 +/- 0.08593251925864044, KS: 0.08329629285656509, p = 0.4666736142798876
EATR CDF: logk = -5.899375959886986 +/- 0.04194754663381261, gamma: 0.9999999999999382 +/- 0.014088063371306999, KS: 0.0670169703951135, p = 0.7344230153673299
EATR CDF KS Passes: gamma: 0.5799999999999365 to 1.01999999999978, k0: 1.2129083574416531e-06 to 2.658167273187681e-06
Set qruns_pace5e4 complete!
../../Data/Q_frac_native_contacts_ut/qruns_pace1e5:
100 out of 100 underbiased simulations transitioned.
iMetaD MLE: logk = -5.819680748540128 +/- 0.04764795902706114, KS: 0.06824359999999996, p = 0.7141035425105378
iMetaD CDF: logk = -5.7983698176467735 +/- 0.042455522725570606, KS: 0.05896119999999999, p = 0.8572494878389152
iMetaD CDF Passes: k0: 1.3232142899191901e-06 to 2.0027658725987206e-06
KTR Vmb MLE: logk = -5.8873531050931405 +/- 0.09715440120897938, gamma: 0.7837573315726627 +/- 0.10069676958674888, KS: 0.05584524567586058, p = 0.8966990774278443
KTR Vmb CDF: logk = -5.946851037250666 +/- 0.10896611650549372, gamma: 0.8902431079433709 +/- 0.11524519821515561, KS: 0.04428654945483379, p = 0.9846834519622342
KTR Vmb CDF Passes: gamma: 0.2902431079433687 to 1.0102431079346452, k0: 9.216742802098825e-07 to 2.9744744649410877e-06
EATR MLE: logk = -5.708447048904257 +/- 0.0833478708473386, gamma: 0.8513096015646374 +/- 0.130959177861449, KS: 0.08288820314018777, p = 0.47291639198611835
EATR CDF: logk = -5.802249101153825 +/- 0.04206886453589978, gamma: 0.9999999993029738 +/- 0.030941865563042, KS: 0.05644886914675687, p = 0.8895170975462547
EATR CDF KS Passes: gamma: 0.3999999993029729 to 1.0199999992993143, k0: 1.5380362284314733e-06 to 3.1240806490764615e-06
Set qruns_pace1e5 complete!
../../Data/Q_frac_native_contacts_ut/qruns_pace5e5:
100 out of 100 underbiased simulations transitioned.
iMetaD MLE: logk = -5.853416445018733 +/- 0.040674046760622355, KS: 0.0914336, p = 0.35181064103460197
iMetaD CDF: logk = -5.876797439832617 +/- 0.03817822843490526, KS: 0.0820862, p = 0.4853041033334935
iMetaD CDF Passes: k0: 1.104593695552863e-06 to 1.5966236580673272e-06
KTR Vmb MLE: logk = -6.018760525584689 +/- 0.057894471589975814, gamma: 0.9999940391390134 +/- 0.06862473084020371, KS: 0.06666607130904956, p = 0.7401877537910908
KTR Vmb CDF: logk = -6.008977331247702 +/- 0.05547520684252958, gamma: 0.9999999999676134 +/- 0.06804837972804928, KS: 0.0597597554202923, p = 0.8462558471834537
KTR Vmb CDF Passes: gamma: 0.13999999996761153 to 1.0199999999661962, k0: 9.638689911584702e-07 to 1.9185347157340106e-06
EATR MLE: logk = -5.853334031258377 +/- 0.046857202535474166, gamma: 0.9999940391390134 +/- 0.10772332776267354, KS: 0.0933523774995336, p = 0.3276156013113437
EATR CDF: logk = -5.878684417790683 +/- 0.04301479363369898, gamma: 0.9999993256956768 +/- 0.004214707748505853, KS: 0.0834649040788967, p = 0.46410648567421087
EATR CDF KS Passes: gamma: 0.1999993256956762 to 1.0199993256951543, k0: 1.308504335344133e-06 to 1.9495286883920306e-06
Set qruns_pace5e5 complete!
../../Data/Q_frac_native_contacts_ut/qruns_pace1e6:
100 out of 100 underbiased simulations transitioned.
iMetaD MLE: logk = -5.781398797383316 +/- 0.051561768135553514, KS: 0.091167, p = 0.3552628813197364
iMetaD CDF: logk = -5.730726195780532 +/- 0.04598258383840395, KS: 0.05560480000000001, p = 0.8994944219458071
iMetaD CDF Passes: k0: 1.4766371968895818e-06 to 2.3403122410851595e-06
KTR Vmb MLE: logk = -5.722051687900885 +/- 0.062072168174373984, gamma: 0.421990086628207 +/- 0.17578957043696578, KS: 0.05839372476183355, p = 0.8648556358287126
KTR Vmb CDF: logk = -5.748528054499351 +/- 0.07878294908201598, gamma: 0.6314464017639577 +/- 0.25517973176305514, KS: 0.053530121620631615, p = 0.9219957187364511
KTR Vmb CDF Passes: gamma: -0.00855359823604258 to 1.011446401754095, k0: 1.5249652065572842e-06 to 2.3215542956215835e-06
EATR MLE: logk = -5.633499287965738 +/- 0.04908212745874257, gamma: 0.19249284363204353 +/- 0.19574152116126678, KS: 0.08210235156967324, p = 0.4850531039544428
EATR CDF: logk = -5.726322315773617 +/- 0.051178420413898876, gamma: 0.9403764490726705 +/- 0.22444642265110068, KS: 0.055518704961962845, p = 0.9004861249309494
EATR CDF KS Passes: gamma: -0.019623550927330192 to 1.000376449063352, k0: 1.8520591632194902e-06 to 2.323111494991809e-06
Set qruns_pace1e6 complete!
