../../Data/Q_frac_native_contacts_wt/qruns_pace1e2:
100 out of 100 underbiased simulations transitioned.
iMetaD MLE: logk = -9.828277775650605 +/- 0.6723998140011451, KS: 0.8611426, p = 5.161860670532428e-86
iMetaD CDF: logk = -7.085448287735298 +/- 0.1751247031737667, KS: 0.2455174, p = 8.5602728655424e-06
iMetaD CDF Passes: k0: 8.213943519896582e-08 to 8.213943519896582e-08
KTR Vmb MLE: logk = -3.7635271334096165 +/- 0.352310213746162, gamma: 0.20621988385855164 +/- 0.08203617196788669, KS: 0.21208933901477103, p = 0.0001998178917739897
KTR Vmb CDF: logk = -4.945422000409781 +/- 0.37534164003894965, gamma: 0.48644239482237794 +/- 0.08434102604148393, KS: 0.11108199213075066, p = 0.15712884274733496
KTR Vmb CDF Passes: gamma: 0.4264423948223686 to 0.6464423948128549, k0: 2.1597021791306203e-06 to 2.0818671766066615e-05
EATR MLE: logk = -3.5912082505798137 +/- 0.4597592289072157, gamma: 0.20231866648905203 +/- 0.10651200590828773, KS: 0.2725978242466738, p = 4.675601066008765e-07
EATR CDF: logk = -5.471376194479087 +/- 0.5172804322967088, gamma: 0.6123435320802993 +/- 0.1062755841461856, KS: 0.11795522156280648, p = 0.11405972591415695
EATR CDF KS Passes: gamma: 0.5723435320791258 to 0.6723435320705264, k0: 1.6559341072903532e-06 to 5.382554324223509e-06
Set qruns_pace1e2 complete!
../../Data/Q_frac_native_contacts_wt/qruns_pace1e3:
100 out of 100 underbiased simulations transitioned.
iMetaD MLE: logk = -7.836510267617015 +/- 0.3878741069252799, KS: 0.6949846000000001, p = 8.374384750250365e-49
iMetaD CDF: logk = -6.080671861466128 +/- 0.10662224474901678, KS: 0.25259679999999995, p = 4.129200464903001e-06
iMetaD CDF Passes: k0: 8.304780122162425e-07 to 8.304780122162425e-07
KTR Vmb MLE: logk = -4.492152918955835 +/- 0.18424586036481794, gamma: 0.2877489419855793 +/- 0.05681083387104868, KS: 0.14896492292858868, p = 0.021130991254718397
KTR Vmb CDF: logk = -5.154280007533965 +/- 0.3018098206196802, gamma: 0.5196843388648582 +/- 0.10418233283192109, KS: 0.11297844647865629, p = 0.14411642849804188
KTR Vmb CDF Passes: gamma: 0.3996843388648556 to 0.5596843388561856, k0: 5.29698704082358e-06 to 1.611739127614703e-05
EATR MLE: logk = -4.28431929820149 +/- 0.22798603232187506, gamma: 0.29806823805305194 +/- 0.08622321172484129, KS: 0.19445094965787937, p = 0.0008693177483855988
EATR CDF: logk = -5.13628812588032 +/- 0.4611611442212759, gamma: 0.6111853297736867 +/- 0.160053138879369, KS: 0.1382784905609008, p = 0.03949786711955658
EATR CDF KS Passes: gamma: 0.5311853297731577 to 0.6111853297736867, k0: 7.306541815638216e-06 to 1.2568316704560374e-05
Set qruns_pace1e3 complete!
../../Data/Q_frac_native_contacts_wt/qruns_pace1e4:
100 out of 100 underbiased simulations transitioned.
iMetaD MLE: logk = -6.109997559593369 +/- 0.08486501726921769, KS: 0.22971020000000003, p = 4.0310238161669665e-05
iMetaD CDF: logk = -5.856448827861658 +/- 0.07019341379779055, KS: 0.1091086, p = 0.17164645177886137
iMetaD CDF Passes: k0: 1.05572589017206e-06 to 1.5259881886608422e-06
KTR Vmb MLE: logk = -5.515570569703333 +/- 0.15334783933047716, gamma: 0.6135949814742169 +/- 0.06846136508234477, KS: 0.10234313428821307, p = 0.22953311733862464
KTR Vmb CDF: logk = -5.838325041183486 +/- 0.24869211161845367, gamma: 0.7783259272039108 +/- 0.10874685437657797, KS: 0.05992874354052968, p = 0.8438876365082756
KTR Vmb CDF Passes: gamma: 0.3983259272039048 to 1.0183259271957354, k0: 4.2535182948448823e-07 to 9.054612928772378e-06
EATR MLE: logk = -5.284450988433392 +/- 0.19608435861812404, gamma: 0.6683133437984724 +/- 0.10220331186118257, KS: 0.11474090436816153, p = 0.13281462158172316
EATR CDF: logk = -5.811896041434366 +/- 0.1699548163768504, gamma: 0.9495816401086508 +/- 0.08272589711217163, KS: 0.0804355642163338, p = 0.5112691589155627
EATR CDF KS Passes: gamma: 0.5495816401086483 to 1.009581640099261, k0: 1.1611527209728066e-06 to 8.65707897491176e-06
Set qruns_pace1e4 complete!
../../Data/Q_frac_native_contacts_wt/qruns_pace2e4:
100 out of 100 underbiased simulations transitioned.
iMetaD MLE: logk = -6.115887936050859 +/- 0.11357829366927062, KS: 0.18062659999999997, p = 0.002511330404241998
iMetaD CDF: logk = -5.90497702968949 +/- 0.06723674540117464, KS: 0.10072440000000005, p = 0.24535537486539952
iMetaD CDF Passes: k0: 9.441108100195169e-07 to 1.4963147957288799e-06
KTR Vmb MLE: logk = -5.584350967691519 +/- 0.2265795435491444, gamma: 0.6075689440895805 +/- 0.11048479414012281, KS: 0.060980454078361904, p = 0.8288392994619543
KTR Vmb CDF: logk = -5.794564422249919 +/- 0.2098146045399575, gamma: 0.7246439250438614 +/- 0.09839607006295023, KS: 0.04146781307395708, p = 0.9926585746985322
KTR Vmb CDF Passes: gamma: 0.3646439250438547 to 1.0046439250352743, k0: 4.4358131351412677e-07 to 7.594348663754832e-06
EATR MLE: logk = -5.34890948890392 +/- 0.2125786584711151, gamma: 0.6558961289218308 +/- 0.13207652703113562, KS: 0.09429360348788825, p = 0.3161676865975675
EATR CDF: logk = -5.74691383988475 +/- 0.1722135746159017, gamma: 0.8816521946788853 +/- 0.0902710570376894, KS: 0.03978740264433585, p = 0.995620567180892
EATR CDF KS Passes: gamma: 0.5016521946788828 to 1.0016521946695478, k0: 1.079609221254049e-06 to 7.529117680568302e-06
Set qruns_pace2e4 complete!
../../Data/Q_frac_native_contacts_wt/qruns_pace5e4:
100 out of 100 underbiased simulations transitioned.
iMetaD MLE: logk = -5.995550491533229 +/- 0.060011349978738034, KS: 0.11420720000000004, p = 0.13615850961709322
iMetaD CDF: logk = -5.882442824741861 +/- 0.0436008309017028, KS: 0.07055800000000004, p = 0.6752661758344841
iMetaD CDF Passes: k0: 9.496360114058336e-07 to 1.6502782476313088e-06
KTR Vmb MLE: logk = -5.827873822382143 +/- 0.17274165722735763, gamma: 0.7147242081740215 +/- 0.09627597811104034, KS: 0.07062197528776748, p = 0.6741868652015497
KTR Vmb CDF: logk = -5.964701866153422 +/- 0.18770821303575105, gamma: 0.8105576570093482 +/- 0.09960059227215767, KS: 0.04876832514288912, p = 0.9619475641900074
KTR Vmb CDF Passes: gamma: 0.3505576570093428 to 1.010557656999874, k0: 5.036894848748237e-07 to 5.5713071689183015e-06
EATR MLE: logk = -5.53936603815908 +/- 0.1517745691219098, gamma: 0.7338987322344463 +/- 0.11313275427258687, KS: 0.07671867438734266, p = 0.5717061161643462
EATR CDF: logk = -5.87207041832572 +/- 0.11597876643911874, gamma: 0.9749429015848816 +/- 0.06768993968776484, KS: 0.046549132799515475, p = 0.9749101475635245
EATR CDF KS Passes: gamma: 0.47494290158487806 to 1.0149429015755225, k0: 1.176422508199281e-06 to 5.8423208473613534e-06
Set qruns_pace5e4 complete!
../../Data/Q_frac_native_contacts_wt/qruns_pace1e5:
100 out of 100 underbiased simulations transitioned.
iMetaD MLE: logk = -5.928801079650673 +/- 0.04843934553497802, KS: 0.11200560000000004, p = 0.15067898829483606
iMetaD CDF: logk = -5.852192726500418 +/- 0.06128879198475412, KS: 0.0750516, p = 0.5994855315267595
iMetaD CDF Passes: k0: 1.1163677282638421e-06 to 1.6896909325049145e-06
KTR Vmb MLE: logk = -5.811395259285292 +/- 0.1343261761958466, gamma: 0.6972659072307931 +/- 0.07554414919873556, KS: 0.055658105724061935, p = 0.8988779677392787
KTR Vmb CDF: logk = -5.7496669910045535 +/- 0.16044721527146946, gamma: 0.6604486089541206 +/- 0.1058977107288011, KS: 0.058978458271382816, p = 0.8570154282022624
KTR Vmb CDF Passes: gamma: 0.26044860895411903 to 1.0004486089443478, k0: 6.251462704318279e-07 to 5.615845370840414e-06
EATR MLE: logk = -5.583515046008438 +/- 0.1347833141549288, gamma: 0.7458933887924116 +/- 0.10634694615815433, KS: 0.06437097613794385, p = 0.7772012584301426
EATR CDF: logk = -5.693189269016844 +/- 0.12435484883202985, gamma: 0.831870874084439 +/- 0.10146289568437329, KS: 0.06535075462168605, p = 0.7615622250217239
EATR CDF KS Passes: gamma: 0.37187087408443614 to 1.0118708740748712, k0: 1.279492351926213e-06 to 5.703514049346049e-06
Set qruns_pace1e5 complete!
../../Data/Q_frac_native_contacts_wt/qruns_pace5e5:
100 out of 100 underbiased simulations transitioned.
iMetaD MLE: logk = -5.871179486091267 +/- 0.045152943577540176, KS: 0.08148739999999999, p = 0.49465257144105035
iMetaD CDF: logk = -5.840398850121763 +/- 0.06863767708206174, KS: 0.07940780000000003, p = 0.5277304682300161
iMetaD CDF Passes: k0: 1.1470996569366795e-06 to 1.7362055888338272e-06
KTR Vmb MLE: logk = -5.876280328965642 +/- 0.09613351872511403, gamma: 0.7240670393108664 +/- 0.0849469391284497, KS: 0.05993330866000213, p = 0.8438234636375566
KTR Vmb CDF: logk = -5.776625400027673 +/- 0.09727413026793154, gamma: 0.6080898751954464 +/- 0.09294408792182723, KS: 0.05461091640549895, p = 0.9106416401772468
KTR Vmb CDF Passes: gamma: 0.16808987519544574 to 1.008089875185889, k0: 8.11134830034459e-07 to 3.5113165736370006e-06
EATR MLE: logk = -5.701610429687585 +/- 0.11538297601797771, gamma: 0.7790682818560771 +/- 0.15208485280856293, KS: 0.06469742519926489, p = 0.772020403319968
EATR CDF: logk = -5.732582194716535 +/- 0.09003125616300668, gamma: 0.8018744685571155 +/- 0.11133506425452624, KS: 0.05568366341056927, p = 0.898581745232159
EATR CDF KS Passes: gamma: 0.22187446855711412 to 1.001874468547608, k0: 1.4120140248372102e-06 to 3.6660489993807495e-06
Set qruns_pace5e5 complete!
../../Data/Q_frac_native_contacts_wt/qruns_pace1e6:
100 out of 100 underbiased simulations transitioned.
iMetaD MLE: logk = -5.867820589576182 +/- 0.04500324387484035, KS: 0.06346359999999995, p = 0.7914293667124158
iMetaD CDF: logk = -5.8460113094566735 +/- 0.03997903526420371, KS: 0.0701, p = 0.682986665168329
iMetaD CDF Passes: k0: 1.1323708747971156e-06 to 1.8792678781769108e-06
KTR Vmb MLE: logk = -5.952975542945441 +/- 0.08589668032444753, gamma: 0.7989497271796925 +/- 0.10489446838580946, KS: 0.060368817242188344, p = 0.837654603986948
KTR Vmb CDF: logk = -5.982232006904184 +/- 0.09351825298757992, gamma: 0.89334460811792 +/- 0.13120294918303185, KS: 0.05833732086892207, p = 0.8656019440121193
KTR Vmb CDF Passes: gamma: 0.31334460811791814 to 1.013344608108113, k0: 8.887226039603665e-07 to 2.1921037932184645e-06
EATR MLE: logk = -5.812066829805381 +/- 0.07519631856232188, gamma: 0.9052519326348716 +/- 0.14554027218787327, KS: 0.08463761331336117, p = 0.446454829513694
EATR CDF: logk = -5.8498027655268725 +/- 0.0475707713591591, gamma: 0.9999999999999999 +/- 0.05146589808103883, KS: 0.07518677056262735, p = 0.5972218430230978
EATR CDF KS Passes: gamma: 0.4399999999999992 to 1.0199999999984541, k0: 1.3871624450170803e-06 to 2.3007679358267057e-06
Set qruns_pace1e6 complete!
