../../Data/R_RMSD_ut/rruns_pace1e2:
100 out of 100 underbiased simulations transitioned.
iMetaD MLE: logk = -6.7031881512004095 +/- 0.17119023969807992, KS: 0.5551664, p = 1.6000264799282438e-29
iMetaD CDF: logk = -5.6934667011459945 +/- 0.11177354726053786, KS: 0.18438620000000006, p = 0.0018969137527350423
iMetaD CDF Passes: k0: 2.0255049033098303e-06 to 2.0255049033098303e-06
KTR Vmb MLE: logk = -5.020368084550633 +/- 0.33184126780766837, gamma: 0.5829070746201512 +/- 0.10781713848118844, KS: 0.09318231538220967, p = 0.3297136249286467
KTR Vmb CDF: logk = -5.28056419147034 +/- 0.29280184165603274, gamma: 0.6803887252154169 +/- 0.09292100241074495, KS: 0.07569772888067522, p = 0.5886813841296874
KTR Vmb CDF Passes: gamma: 0.48038872521541526 to 0.8803887252054554, k0: 1.2463088982465672e-06 to 2.104047442180578e-05
EATR MLE: logk = -4.665041286552366 +/- 0.22411898597930768, gamma: 0.5647925536673541 +/- 0.06965543713102067, KS: 0.14087896053764626, p = 0.03406770446008143
EATR CDF: logk = -5.141597774665734 +/- 0.37955359269759287, gamma: 0.6866758308085531 +/- 0.10453579473008505, KS: 0.09171191378104615, p = 0.34823018740261
EATR CDF KS Passes: gamma: 0.5466758308085503 to 0.8266758307988105, k0: 1.9950012230853397e-06 to 2.323128420282318e-05
Set rruns_pace1e2 complete!
../../Data/R_RMSD_ut/rruns_pace1e3:
100 out of 100 underbiased simulations transitioned.
iMetaD MLE: logk = -6.5212894833586965 +/- 0.08841531932457256, KS: 0.3297752, p = 3.4362919923272664e-10
iMetaD CDF: logk = -6.081654247952738 +/- 0.09900096814640372, KS: 0.22073740000000008, p = 9.260341048855754e-05
iMetaD CDF Passes: k0: 8.286015703834496e-07 to 8.286015703834496e-07
KTR Vmb MLE: logk = -5.45849387251934 +/- 0.16545247913575575, gamma: 0.5161126589967949 +/- 0.049464119266393186, KS: 0.0490743589456506, p = 0.9598821768228246
KTR Vmb CDF: logk = -5.43557060697011 +/- 0.19486797850860652, gamma: 0.5148277285721522 +/- 0.06425243940122918, KS: 0.05254264459353397, p = 0.9316462536643025
KTR Vmb CDF Passes: gamma: 0.31482772857215197 to 0.8148277285623962, k0: 5.377295389102678e-07 to 1.2292970731372784e-05
EATR MLE: logk = -5.304998604833387 +/- 0.19881930533666908, gamma: 0.6287740784104962 +/- 0.07568516938304069, KS: 0.07640349454590589, p = 0.5769327632151597
EATR CDF: logk = -5.494663122875211 +/- 0.2674100707576916, gamma: 0.6899792447070433 +/- 0.08922530097019708, KS: 0.047481197044543566, p = 0.9698910285085988
EATR CDF KS Passes: gamma: 0.44997924470704087 to 0.949979244697899, k0: 5.818678136033959e-07 to 1.2278824669870244e-05
Set rruns_pace1e3 complete!
../../Data/R_RMSD_ut/rruns_pace1e4:
100 out of 100 underbiased simulations transitioned.
iMetaD MLE: logk = -6.2297862058569375 +/- 0.06651498242963255, KS: 0.17533519999999997, p = 0.003690361150766199
iMetaD CDF: logk = -6.070950366640675 +/- 0.05910638856884905, KS: 0.10456640000000006, p = 0.20907070236923128
iMetaD CDF Passes: k0: 6.746051205612234e-07 to 1.069177063176892e-06
KTR Vmb MLE: logk = -6.005656849492605 +/- 0.1314225602138757, gamma: 0.6671654434186236 +/- 0.06759162139795175, KS: 0.07557063197563518, p = 0.590803205688331
KTR Vmb CDF: logk = -6.104013116426386 +/- 0.19521440835720627, gamma: 0.7415169204680938 +/- 0.106233204627823, KS: 0.07704897809639921, p = 0.566243106285996
KTR Vmb CDF Passes: gamma: 0.4215169204677618 to 1.0015169204607226, k0: 2.6934036324356157e-07 to 2.7882009874029803e-06
EATR MLE: logk = -5.72000198198564 +/- 0.13783261015241643, gamma: 0.735448144619614 +/- 0.08858624584824534, KS: 0.09640803761350455, p = 0.29146336528365774
EATR CDF: logk = -5.932883787506211 +/- 0.14378902824460818, gamma: 0.8852883713468649 +/- 0.09635964348929459, KS: 0.0850825909808991, p = 0.4398522860549793
EATR CDF KS Passes: gamma: 0.5852883713468403 to 1.0052883713373766, k0: 7.727951262062917e-07 to 3.0246215571804358e-06
Set rruns_pace1e4 complete!
../../Data/R_RMSD_ut/rruns_pace2e4:
100 out of 100 underbiased simulations transitioned.
iMetaD MLE: logk = -6.002860155328012 +/- 0.05026741887028473, KS: 0.10965940000000002, p = 0.16749173216745422
iMetaD CDF: logk = -5.934606291855289 +/- 0.06650619983935924, KS: 0.09868879999999991, p = 0.2663824642755272
iMetaD CDF Passes: k0: 9.234081602691014e-07 to 1.3347308794842888e-06
KTR Vmb MLE: logk = -5.947532444016377 +/- 0.14536144084769578, gamma: 0.7005156775149148 +/- 0.07502990834893065, KS: 0.06877927821343022, p = 0.7051615032820412
KTR Vmb CDF: logk = -5.829386553375393 +/- 0.12478621506282284, gamma: 0.6254240025918341 +/- 0.07486682047164576, KS: 0.05797886032463945, p = 0.8703029536716088
KTR Vmb CDF Passes: gamma: 0.3254240025915576 to 0.9254240025820426, k0: 5.683834251265512e-07 to 3.700362572476537e-06
EATR MLE: logk = -5.727112306842609 +/- 0.14091992861164818, gamma: 0.8053637087273458 +/- 0.10778828716875535, KS: 0.06672914989792678, p = 0.7391532323061212
EATR CDF: logk = -5.733599515479139 +/- 0.11876469131591089, gamma: 0.8009145779445704 +/- 0.09139910064881634, KS: 0.05950603476996946, p = 0.8497845167132418
EATR CDF KS Passes: gamma: 0.4809145779445683 to 1.0009145779351174, k0: 1.105296653092709e-06 to 3.846938396147684e-06
Set rruns_pace2e4 complete!
../../Data/R_RMSD_ut/rruns_pace5e4:
100 out of 100 underbiased simulations transitioned.
iMetaD MLE: logk = -5.8909155750493465 +/- 0.04577675843705726, KS: 0.09635980000000002, p = 0.2920113394262823
iMetaD CDF: logk = -5.848839017805204 +/- 0.0616782304633761, KS: 0.08389580000000002, p = 0.457579007392274
iMetaD CDF Passes: k0: 1.0260321804573737e-06 to 1.7027895732966701e-06
KTR Vmb MLE: logk = -5.841061461591984 +/- 0.10613375322505401, gamma: 0.6506552391360205 +/- 0.0761613959041631, KS: 0.06621914027513012, p = 0.7474942369185257
KTR Vmb CDF: logk = -5.76712802837583 +/- 0.14260610637654672, gamma: 0.5758248908154021 +/- 0.11540636671917975, KS: 0.052657714249297355, p = 0.9305578472066299
KTR Vmb CDF Passes: gamma: 0.19582489081540183 to 1.0158248908055147, k0: 5.920503308907326e-07 to 3.9262279789013365e-06
EATR MLE: logk = -5.6880910719715985 +/- 0.11494002437056042, gamma: 0.7907093553576187 +/- 0.1263387762499756, KS: 0.05702593135253231, p = 0.8824365339556433
EATR CDF: logk = -5.717471855598874 +/- 0.11558179853390729, gamma: 0.809979640004878 +/- 0.11628311205198576, KS: 0.049216479209222924, p = 0.9588996823088215
EATR CDF KS Passes: gamma: 0.28997964000487625 to 1.0099796399955923, k0: 1.3541104218719364e-06 to 4.120769947780151e-06
Set rruns_pace5e4 complete!
../../Data/R_RMSD_ut/rruns_pace1e5:
100 out of 100 underbiased simulations transitioned.
iMetaD MLE: logk = -5.8506721706613085 +/- 0.04229155986724527, KS: 0.0557734, p = 0.8975382849841081
iMetaD CDF: logk = -5.839464127983801 +/- 0.05285870894831507, KS: 0.06244779999999997, p = 0.807024541529282
iMetaD CDF Passes: k0: 1.0978319656594724e-06 to 1.8219475567749024e-06
KTR Vmb MLE: logk = -5.975992533539563 +/- 0.10468801347761819, gamma: 0.804274794754621 +/- 0.1029198477241534, KS: 0.0550383158151001, p = 0.9059293381712188
KTR Vmb CDF: logk = -5.927325603061624 +/- 0.10836318739872526, gamma: 0.7591442438473365 +/- 0.1138244106827247, KS: 0.06038523351854397, p = 0.837420283678985
KTR Vmb CDF Passes: gamma: 0.2191442438473354 to 1.0191442438377776, k0: 7.515288892122298e-07 to 2.8646399439054463e-06
EATR MLE: logk = -5.789405003909472 +/- 0.0763848295288972, gamma: 0.9143134368681717 +/- 0.10565995664002761, KS: 0.07082559259406551, p = 0.6707504875791077
EATR CDF: logk = -5.842662574034975 +/- 0.06318466372255468, gamma: 0.9999999999999999 +/- 0.06708916602573854, KS: 0.056494508002389976, p = 0.8889646592980104
EATR CDF KS Passes: gamma: 0.33999999999999836 to 1.0199999999997038, k0: 1.4019431574584765e-06 to 2.9464513750840616e-06
Set rruns_pace1e5 complete!
../../Data/R_RMSD_ut/rruns_pace5e5:
100 out of 100 underbiased simulations transitioned.
iMetaD MLE: logk = -5.843064773570726 +/- 0.0374077730979443, KS: 0.07418599999999997, p = 0.6140190782743002
iMetaD CDF: logk = -5.867771218426784 +/- 0.046308326369671686, KS: 0.07283819999999999, p = 0.6367445088561112
iMetaD CDF Passes: k0: 1.0770324330957406e-06 to 1.6301545540426762e-06
KTR Vmb MLE: logk = -5.971572088749668 +/- 0.06687429133920565, gamma: 0.8863712787824111 +/- 0.11993797631882185, KS: 0.08496107868552799, p = 0.4416499707618454
KTR Vmb CDF: logk = -5.958699035890791 +/- 0.09402959546991364, gamma: 0.8427723036471112 +/- 0.18497678764332096, KS: 0.08302231978378799, p = 0.4708601535066075
KTR Vmb CDF Passes: gamma: -0.017227696352890065 to 1.0027723036392744, k0: 9.664484850218772e-07 to 2.1295375537712937e-06
EATR MLE: logk = -5.839237953650131 +/- 0.07235829398262708, gamma: 0.9881703827760999 +/- 0.2085336778422635, KS: 0.07408164291558555, p = 0.6157751029980376
EATR CDF: logk = -5.868160529033349 +/- 0.05216206698599712, gamma: 0.9999999999999999 +/- 0.10205157794991711, KS: 0.07095262831024246, p = 0.6686057213943124
EATR CDF KS Passes: gamma: -8.225736281023245e-16 to 1.0199999999989926, k0: 1.3417695902594312e-06 to 2.1031514228724217e-06
Set rruns_pace5e5 complete!
../../Data/R_RMSD_ut/rruns_pace1e6:
100 out of 100 underbiased simulations transitioned.
iMetaD MLE: logk = -5.892019874637199 +/- 0.049623284360748164, KS: 0.08496439999999994, p = 0.44160078116921186
iMetaD CDF: logk = -5.868264260756332 +/- 0.051349374519272975, KS: 0.09547220000000001, p = 0.30222444959677647
iMetaD CDF Passes: k0: 1.1265117844539926e-06 to 1.5550191411500085e-06
KTR Vmb MLE: logk = -5.908713964843684 +/- 0.06308916757275179, gamma: 0.6279143180260496 +/- 0.18252544718999728, KS: 0.08525696806545974, p = 0.4372795225242405
KTR Vmb CDF: logk = -5.971088102700787 +/- 0.05419985921073532, gamma: 0.9999999999976672 +/- 0.14414696401329663, KS: 0.07384348231965515, p = 0.6197852881119581
KTR Vmb CDF Passes: gamma: -2.3334707568827717e-12 to 1.0199999999946467, k0: 1.058548021138017e-06 to 1.7247196945471177e-06
EATR MLE: logk = -5.799999816671353 +/- 0.062477241838582054, gamma: 0.5289774364253768 +/- 0.3385387171185666, KS: 0.12217755554112969, p = 0.09278732024162585
EATR CDF: logk = -5.8676235806463115 +/- 0.04714126743119222, gamma: 0.9999999999936159 +/- 0.11758490916104633, KS: 0.09613694906852172, p = 0.2945523563843861
EATR CDF KS Passes: gamma: -6.385185469246363e-12 to 1.0199999999935896, k0: 1.3494895845087236e-06 to 1.7247407533826913e-06
Set rruns_pace1e6 complete!
