../../Data/R_RMSD_wt/rruns_pace1e2:
100 out of 100 underbiased simulations transitioned.
iMetaD MLE: logk = -8.423930982951486 +/- 0.2546406171659718, KS: 0.6236442, p = 4.4047677026302246e-38
iMetaD CDF: logk = -6.666399427816755 +/- 0.290855091729328, KS: 0.36147719999999994, p = 3.2740325722775287e-12
iMetaD CDF Passes: k0: 2.1557608082529395e-07 to 2.1557608082529395e-07
KTR Vmb MLE: logk = -4.425186066485797 +/- 0.21555628647803, gamma: 0.30593148207296056 +/- 0.048497663816549665, KS: 0.12337253271641004, p = 0.08740628026000816
KTR Vmb CDF: logk = -4.509688457853671 +/- 0.20841339722955435, gamma: 0.3383889728317968 +/- 0.05167912279959752, KS: 0.1253884802001871, p = 0.07892165210053799
KTR Vmb CDF Passes: gamma: 0.31838897283175943 to 0.4983889728218825, k0: 6.540341857337996e-06 to 3.737366743527724e-05
EATR MLE: logk = -4.46839359644104 +/- 0.32369896372342283, gamma: 0.375598032171415 +/- 0.07564915230329188, KS: 0.14331801882956374, p = 0.029580397451213613
EATR CDF: logk = -5.109992187409246 +/- 0.5468220377800437, gamma: 0.5164416328703008 +/- 0.11210685966792552, KS: 0.10730814896140228, p = 0.18579621512159572
EATR CDF KS Passes: gamma: 0.4164416328702884 to 0.656441632861152, k0: 1.51064240820497e-06 to 2.2869561769615886e-05
Set rruns_pace1e2 complete!
../../Data/R_RMSD_wt/rruns_pace1e3:
100 out of 100 underbiased simulations transitioned.
iMetaD MLE: logk = -7.524854630136917 +/- 0.19944810513943886, KS: 0.5841959999999999, p = 5.7338111304509447e-33
iMetaD CDF: logk = -6.482158143864112 +/- 0.11413165161583849, KS: 0.18477699999999997, p = 0.0018417630094679205
iMetaD CDF Passes: k0: 3.294897100445096e-07 to 3.294897100445096e-07
KTR Vmb MLE: logk = -4.940993197060861 +/- 0.14768716993875963, gamma: 0.3341940497859854 +/- 0.048117732283073054, KS: 0.11419197169266682, p = 0.13625491247375768
KTR Vmb CDF: logk = -5.484286602809564 +/- 0.25061591676866024, gamma: 0.513118183185799 +/- 0.07397966115223281, KS: 0.07941479804523255, p = 0.5276176739943076
KTR Vmb CDF Passes: gamma: 0.29311818318579796 to 0.7731181831760194, k0: 4.3168418146469465e-07 to 1.6724416197717265e-05
EATR MLE: logk = -4.809758852176918 +/- 0.16523963741765701, gamma: 0.39543451426184356 +/- 0.059661722268342064, KS: 0.13040780287115875, p = 0.060763862526523084
EATR CDF: logk = -5.413822807305832 +/- 0.3021045403721648, gamma: 0.5978009715774834 +/- 0.09668497748034546, KS: 0.08135000354969002, p = 0.49680922202878985
EATR CDF KS Passes: gamma: 0.39780097157745337 to 0.8378009715675407, k0: 5.972284584493428e-07 to 1.5396503157868248e-05
Set rruns_pace1e3 complete!
../../Data/R_RMSD_wt/rruns_pace1e4:
100 out of 100 underbiased simulations transitioned.
iMetaD MLE: logk = -6.453822703013103 +/- 0.09333313338115373, KS: 0.24980239999999998, p = 5.520465543892764e-06
iMetaD CDF: logk = -6.154372522913505 +/- 0.08899820909173377, KS: 0.134421, p = 0.0489367893683448
iMetaD CDF Passes: k0: 6.693102517380071e-07 to 7.008538720980014e-07
KTR Vmb MLE: logk = -5.621967713380245 +/- 0.16404238160239734, gamma: 0.5268272522249853 +/- 0.0686129680558205, KS: 0.0674005571109797, p = 0.7280952091102362
KTR Vmb CDF: logk = -5.728665458076104 +/- 0.21300419042600804, gamma: 0.5849902484424992 +/- 0.09246498648106906, KS: 0.05724262126126656, p = 0.8797249422158566
KTR Vmb CDF Passes: gamma: 0.28499024844249893 to 0.9249902484333775, k0: 3.1804475984034193e-07 to 7.999742172788422e-06
EATR MLE: logk = -5.398757775106724 +/- 0.11779511861649106, gamma: 0.5792326151725954 +/- 0.06415987729785261, KS: 0.07161317700886563, p = 0.6574462947838242
EATR CDF: logk = -5.632334022657811 +/- 0.17653239488861808, gamma: 0.7057017153246331 +/- 0.08841880638881576, KS: 0.05754832921284736, p = 0.8758514259381515
EATR CDF KS Passes: gamma: 0.3657017153246301 to 1.0057017153152203, k0: 5.702206282785142e-07 to 9.101266497496313e-06
Set rruns_pace1e4 complete!
../../Data/R_RMSD_wt/rruns_pace2e4:
100 out of 100 underbiased simulations transitioned.
iMetaD MLE: logk = -6.065293555346215 +/- 0.05552245508576289, KS: 0.14427379999999998, p = 0.02796908312892443
iMetaD CDF: logk = -5.971811088020954 +/- 0.07147112984784752, KS: 0.10414460000000003, p = 0.21284168364361328
iMetaD CDF Passes: k0: 9.293705619649958e-07 to 1.170008217431159e-06
KTR Vmb MLE: logk = -5.894648042385587 +/- 0.1748165950602405, gamma: 0.7062378048268015 +/- 0.07730133094713404, KS: 0.049713150703493914, p = 0.9553493817337748
KTR Vmb CDF: logk = -5.7845299060390705 +/- 0.18952483923121413, gamma: 0.6532463594402816 +/- 0.08650304944466498, KS: 0.048457774862413316, p = 0.9639735530659665
KTR Vmb CDF Passes: gamma: 0.29324635944028127 to 1.0132463594305712, k0: 3.524926301202516e-07 to 6.8726156415275715e-06
EATR MLE: logk = -5.551820503069391 +/- 0.17698551565743356, gamma: 0.7253594601596187 +/- 0.10441960177822127, KS: 0.05903846798524287, p = 0.8562003280769954
EATR CDF: logk = -5.7142933986942195 +/- 0.1492153894407763, gamma: 0.8149308766865085 +/- 0.08799470531910344, KS: 0.046027828341048904, p = 0.9774574220739192
EATR CDF KS Passes: gamma: 0.3949308766865058 to 1.0149308766766725, k0: 9.123884966981998e-07 to 7.490140920963171e-06
Set rruns_pace2e4 complete!
../../Data/R_RMSD_wt/rruns_pace5e4:
100 out of 100 underbiased simulations transitioned.
iMetaD MLE: logk = -5.970636254230409 +/- 0.060596990109796335, KS: 0.16307740000000004, p = 0.008607743241426151
iMetaD CDF: logk = -5.823591005924282 +/- 0.07165073700342714, KS: 0.09587679999999998, p = 0.29753833232682697
iMetaD CDF Passes: k0: 1.2485587830755304e-06 to 1.6459210292731054e-06
KTR Vmb MLE: logk = -5.735457176157968 +/- 0.11988225737741015, gamma: 0.6268521227893041 +/- 0.06512372415689276, KS: 0.0600719581778566, p = 0.8418695444533792
KTR Vmb CDF: logk = -5.6732545963079914 +/- 0.14787414361845183, gamma: 0.598288033509438 +/- 0.09337522920923838, KS: 0.0557854479926491, p = 0.8973977904557159
KTR Vmb CDF Passes: gamma: 0.23828803350943684 to 0.9982880334997613, k0: 5.994435737691932e-07 to 6.130248799048858e-06
EATR MLE: logk = -5.493719898743342 +/- 0.1336992026192593, gamma: 0.6691618647323269 +/- 0.10544864004078126, KS: 0.07597182424174201, p = 0.5841116167365282
EATR CDF: logk = -5.592186120811893 +/- 0.11102920942554469, gamma: 0.7602802111736588 +/- 0.09427888076446982, KS: 0.061115034249852575, p = 0.8268767245175067
EATR CDF KS Passes: gamma: 0.3402802111736569 to 1.0002802111638136, k0: 1.4027146977497855e-06 to 6.416255240621307e-06
Set rruns_pace5e4 complete!
../../Data/R_RMSD_wt/rruns_pace1e5:
100 out of 100 underbiased simulations transitioned.
iMetaD MLE: logk = -5.86498601754373 +/- 0.05375754781886726, KS: 0.0837852, p = 0.45924988926435684
iMetaD CDF: logk = -5.832502344293259 +/- 0.0465740554014532, KS: 0.06576199999999999, p = 0.7549223418270347
iMetaD CDF Passes: k0: 1.1681474242607773e-06 to 1.7680626738216832e-06
KTR Vmb MLE: logk = -5.888588245068631 +/- 0.11054544846235402, gamma: 0.7877508780009604 +/- 0.09651812092120872, KS: 0.05701796494649014, p = 0.8825356797148657
KTR Vmb CDF: logk = -5.881480656284413 +/- 0.13552407287191928, gamma: 0.7973497927097158 +/- 0.10423175276269167, KS: 0.05831383979368876, p = 0.8659121087199083
KTR Vmb CDF Passes: gamma: 0.33734979270577614 to 1.017349792699927, k0: 7.478408678597943e-07 to 3.887251922519047e-06
EATR MLE: logk = -5.725760848516955 +/- 0.11626546260210364, gamma: 0.8850655443079285 +/- 0.11928568438107924, KS: 0.07542496674742029, p = 0.5932371353031364
EATR CDF: logk = -5.832980946208305 +/- 0.08252272123013671, gamma: 0.9999999999999999 +/- 0.06608323185712478, KS: 0.062108625977137843, p = 0.8121456776412421
EATR CDF KS Passes: gamma: 0.4799999999999973 to 1.0199999999947007, k0: 1.4078822851361018e-06 to 3.9143784788205405e-06
Set rruns_pace1e5 complete!
../../Data/R_RMSD_wt/rruns_pace5e5:
100 out of 100 underbiased simulations transitioned.
iMetaD MLE: logk = -5.843194423239972 +/- 0.049812467975310484, KS: 0.10487479999999999, p = 0.20634608319121983
iMetaD CDF: logk = -5.782344132555439 +/- 0.06262157148990462, KS: 0.06040679999999998, p = 0.8371122564377933
iMetaD CDF Passes: k0: 1.31116053089577e-06 to 1.9845217700428834e-06
KTR Vmb MLE: logk = -5.757133756697824 +/- 0.09134064236477209, gamma: 0.5699310600779534 +/- 0.10261036502037871, KS: 0.055268645181873355, p = 0.9033387070126496
KTR Vmb CDF: logk = -5.752630115330995 +/- 0.11488553479498424, gamma: 0.5822770666939414 +/- 0.1464667510191813, KS: 0.04729161883096178, p = 0.9709610061747941
KTR Vmb CDF Passes: gamma: -0.01772293330605991 to 1.002277066683966, k0: 9.95523188838623e-07 to 3.775027788792686e-06
EATR MLE: logk = -5.649222341940581 +/- 0.09895871902569349, gamma: 0.6687376088200017 +/- 0.19311798702471308, KS: 0.06674278812727918, p = 0.7389294546432119
EATR CDF: logk = -5.723578087063459 +/- 0.09252408540147168, gamma: 0.8428747519174538 +/- 0.1542736696812212, KS: 0.047832429191628, p = 0.967841421809782
EATR CDF KS Passes: gamma: -0.01712524808254712 to 1.0028747519077008, k0: 1.629142535153031e-06 to 3.739772619060038e-06
Set rruns_pace5e5 complete!
../../Data/R_RMSD_wt/rruns_pace1e6:
100 out of 100 underbiased simulations transitioned.
iMetaD MLE: logk = -5.857080530265356 +/- 0.03991187844378298, KS: 0.07306960000000001, p = 0.6328370748413563
iMetaD CDF: logk = -5.823939910983535 +/- 0.05989495678322894, KS: 0.053268399999999994, p = 0.9246215983059306
iMetaD CDF Passes: k0: 1.0865759519457515e-06 to 1.8882525897904686e-06
KTR Vmb MLE: logk = -5.833626330081595 +/- 0.0946907115429758, gamma: 0.6157379974124559 +/- 0.14769384926435597, KS: 0.04983480886323843, p = 0.9544519923660788
KTR Vmb CDF: logk = -5.804790015197343 +/- 0.09227865039816714, gamma: 0.5658853122970906 +/- 0.15355281645946725, KS: 0.047405552444065, p = 0.9703210035913961
KTR Vmb CDF Passes: gamma: -0.01411468770291039 to 1.005885312287408, k0: 9.91722078702538e-07 to 2.735396069833439e-06
EATR MLE: logk = -5.72369632023495 +/- 0.08648398904493089, gamma: 0.6849870392241161 +/- 0.24709694413318964, KS: 0.05853024360681139, p = 0.8630419503368053
EATR CDF: logk = -5.78220398406884 +/- 0.07453481456097785, gamma: 0.8464662639825311 +/- 0.14664609230172646, KS: 0.04873537135212083, p = 0.9621658821061134
EATR CDF KS Passes: gamma: -0.013533736017469428 to 1.0064662639727597, k0: 1.4837893985792329e-06 to 2.7192044278261034e-06
Set rruns_pace1e6 complete!
