../../Data/X_matched_harmonics_wt/xruns_pace1e3:
100 out of 100 underbiased simulations transitioned.
iMetaD MLE: logk = -6.869868398662165 +/- 0.18079838436539544, KS: 0.44819139999999996, p = 7.635084070371555e-19
iMetaD CDF: logk = -6.107150513651566 +/- 0.10496068152503304, KS: 0.2710874000000001, p = 5.545639307750118e-07
KTR Vmb MLE: logk = -7.033608932048061 +/- 0.18460584474968825, gamma: 1.0000000000038196 +/- 2.220446049250313e-16, KS: 0.4388520670851004, p = 4.771551048637102e-18
KTR Vmb CDF: logk = -6.281561725552564 +/- 0.11470774233473267, gamma: 1.0000000000008786 +/- 6.11001799237499e-13, KS: 0.26533372089208995, p = 1.052598843848903e-06
EATR MLE: logk = -6.873926526109749 +/- 0.17455058312558736, gamma: 1.0000000000038196 +/- 2.220446049250313e-16, KS: 0.4417330148980545, p = 2.724859619154802e-18
EATR CDF: logk = -6.113640928243107 +/- 0.12704146745495698, gamma: 1.0000000000001021 +/- 3.8640953178730657e-13, KS: 0.26696880101643083, p = 8.7865424759448e-07
Set xruns_pace1e3 complete!
../../Data/X_matched_harmonics_wt/xruns_pace1e4:
100 out of 100 underbiased simulations transitioned.
iMetaD MLE: logk = -6.382565526078452 +/- 0.06929440830187496, KS: 0.21724999999999994, p = 0.00012676015540845638
iMetaD CDF: logk = -6.163509601110468 +/- 0.07645524519233772, KS: 0.14357799999999998, p = 0.02913421379472849
KTR Vmb MLE: logk = -6.550511191956193 +/- 0.0598574727836337, gamma: 1.0000000000038196 +/- 2.220446049250313e-16, KS: 0.21931458457541464, p = 0.00010532477348514893
KTR Vmb CDF: logk = -6.337908482693418 +/- 0.08157294401217169, gamma: 1.0000000000036615 +/- 1.3457314191514954e-12, KS: 0.13717749116877131, p = 0.04201508068928681
EATR MLE: logk = -6.383268890868672 +/- 0.07667842328961258, gamma: 1.0000000000038196 +/- 2.220446049250313e-16, KS: 0.22210116311508576, p = 8.178831597170218e-05
EATR CDF: logk = -6.167226879549132 +/- 0.07761469171814024, gamma: 1.0000000000036544 +/- 1.3572048182022395e-12, KS: 0.13785369053219376, p = 0.040453086334375665
Set xruns_pace1e4 complete!
../../Data/X_matched_harmonics_wt/xruns_pace1e5:
100 out of 100 underbiased simulations transitioned.
iMetaD MLE: logk = -6.0549752834873285 +/- 0.04530265008351274, KS: 0.05648340000000002, p = 0.8890992373867044
iMetaD CDF: logk = -6.053403479734638 +/- 0.047837049247273375, KS: 0.0580658, p = 0.8691694996486705
KTR Vmb MLE: logk = -6.242481727294348 +/- 0.04679750308455854, gamma: 1.0000000000038196 +/- 2.220446049250313e-16, KS: 0.06925097163117316, p = 0.6972601486666878
KTR Vmb CDF: logk = -6.248494081847867 +/- 0.041915540365317784, gamma: 1.0000000000082825 +/- 2.2514851066675206e-12, KS: 0.0645584382556173, p = 0.7742299711731593
EATR MLE: logk = -6.054275900975761 +/- 0.045637252446743985, gamma: 1.0000000000038196 +/- 2.220446049250313e-16, KS: 0.0636502852321415, p = 0.7885237896631331
EATR CDF: logk = -6.053958453289471 +/- 0.04714077098559809, gamma: 1.0000000000093419 +/- 2.651121599396672e-12, KS: 0.0638972367207769, p = 0.7846625472144505
Set xruns_pace1e5 complete!
../../Data/X_matched_harmonics_wt/xruns_pace1e6:
100 out of 100 underbiased simulations transitioned.
iMetaD MLE: logk = -6.011643479336811 +/- 0.041306090859938305, KS: 0.060143800000000025, p = 0.8408534099632201
iMetaD CDF: logk = -6.00662914619386 +/- 0.05212482249541539, KS: 0.06386679999999995, p = 0.7851395128232397
KTR Vmb MLE: logk = -6.237303586493371 +/- 0.04297172635399153, gamma: 1.0000000000038196 +/- 2.220446049250313e-16, KS: 0.06477560991724035, p = 0.7707750235592034
KTR Vmb CDF: logk = -6.24224100139157 +/- 0.044340219294402405, gamma: 1.0000000000081597 +/- 2.6051086774172003e-12, KS: 0.06079277244908904, p = 0.8315626332125803
EATR MLE: logk = -6.012027370027078 +/- 0.04567199367168566, gamma: 1.0000000000038196 +/- 2.220446049250313e-16, KS: 0.0556191448457119, p = 0.8993287142822874
EATR CDF: logk = -6.0065848142738485 +/- 0.046852974506825254, gamma: 1.0000000000059635 +/- 3.249700304458156e-12, KS: 0.059991609631336484, p = 0.8430030090504164
Set xruns_pace1e6 complete!
